<?xml version="1.0" encoding="UTF-8"?>
<coverage generated="1786126426486" clover="3.2.0">
  <project timestamp="1786126426486" name="All files">
    <metrics statements="133" coveredstatements="77" conditionals="127" coveredconditionals="45" methods="47" coveredmethods="17" elements="307" coveredelements="139" complexity="0" loc="133" ncloc="133" packages="2" files="3" classes="3"/>
    <package name="dist">
      <metrics statements="81" coveredstatements="40" conditionals="70" coveredconditionals="14" methods="32" coveredmethods="10"/>
      <file name="index.cjs" path="/Users/qin/Desktop/小黄的教室/packages/subject-settings/dist/index.cjs">
        <metrics statements="81" coveredstatements="40" conditionals="70" coveredconditionals="14" methods="32" coveredmethods="10"/>
        <line num="2" count="1" type="stmt"/>
        <line num="3" count="1" type="stmt"/>
        <line num="4" count="1" type="stmt"/>
        <line num="5" count="1" type="stmt"/>
        <line num="6" count="1" type="stmt"/>
        <line num="7" count="1" type="stmt"/>
        <line num="8" count="13" type="stmt"/>
        <line num="10" count="1" type="stmt"/>
        <line num="11" count="1" type="cond" truecount="3" falsecount="2"/>
        <line num="12" count="1" type="stmt"/>
        <line num="13" count="13" type="cond" truecount="3" falsecount="1"/>
        <line num="14" count="13" type="cond" truecount="2" falsecount="0"/>
        <line num="16" count="1" type="stmt"/>
        <line num="18" count="1" type="stmt"/>
        <line num="21" count="1" type="stmt"/>
        <line num="22" count="1" type="stmt"/>
        <line num="23" count="0" type="stmt"/>
        <line num="24" count="0" type="stmt"/>
        <line num="25" count="0" type="stmt"/>
        <line num="26" count="0" type="stmt"/>
        <line num="27" count="1" type="stmt"/>
        <line num="28" count="0" type="stmt"/>
        <line num="29" count="0" type="stmt"/>
        <line num="30" count="1" type="stmt"/>
        <line num="31" count="0" type="stmt"/>
        <line num="32" count="0" type="stmt"/>
        <line num="33" count="0" type="stmt"/>
        <line num="34" count="0" type="stmt"/>
        <line num="35" count="0" type="stmt"/>
        <line num="37" count="1" type="stmt"/>
        <line num="40" count="1" type="stmt"/>
        <line num="48" count="1" type="stmt"/>
        <line num="56" count="1" type="stmt"/>
        <line num="57" count="1" type="stmt"/>
        <line num="88" count="1" type="stmt"/>
        <line num="91" count="1" type="stmt"/>
        <line num="92" count="1" type="stmt"/>
        <line num="97" count="1" type="stmt"/>
        <line num="99" count="5" type="cond" truecount="1" falsecount="1"/>
        <line num="102" count="0" type="stmt"/>
        <line num="103" count="0" type="cond" truecount="0" falsecount="2"/>
        <line num="104" count="0" type="stmt"/>
        <line num="106" count="0" type="stmt"/>
        <line num="113" count="4" type="stmt"/>
        <line num="114" count="4" type="cond" truecount="1" falsecount="1"/>
        <line num="117" count="0" type="stmt"/>
        <line num="118" count="0" type="cond" truecount="0" falsecount="2"/>
        <line num="119" count="0" type="stmt"/>
        <line num="122" count="1" type="stmt"/>
        <line num="123" count="1" type="cond" truecount="1" falsecount="1"/>
        <line num="126" count="0" type="stmt"/>
        <line num="127" count="0" type="cond" truecount="0" falsecount="2"/>
        <line num="130" count="0" type="stmt"/>
        <line num="133" count="0" type="cond" truecount="0" falsecount="2"/>
        <line num="134" count="0" type="stmt"/>
        <line num="141" count="1" type="stmt"/>
        <line num="142" count="1" type="stmt"/>
        <line num="143" count="4" type="stmt"/>
        <line num="144" count="4" type="cond" truecount="1" falsecount="1"/>
        <line num="145" count="4" type="stmt"/>
        <line num="153" count="4" type="cond" truecount="2" falsecount="0"/>
        <line num="154" count="1" type="stmt"/>
        <line num="157" count="1" type="stmt"/>
        <line num="160" count="0" type="stmt"/>
        <line num="161" count="0" type="stmt"/>
        <line num="162" count="0" type="cond" truecount="0" falsecount="5"/>
        <line num="163" count="0" type="stmt"/>
        <line num="164" count="0" type="cond" truecount="0" falsecount="5"/>
        <line num="165" count="0" type="stmt"/>
        <line num="166" count="0" type="cond" truecount="0" falsecount="4"/>
        <line num="167" count="0" type="stmt"/>
        <line num="172" count="0" type="cond" truecount="0" falsecount="4"/>
        <line num="173" count="0" type="stmt"/>
        <line num="175" count="0" type="cond" truecount="0" falsecount="4"/>
        <line num="176" count="0" type="stmt"/>
        <line num="178" count="0" type="cond" truecount="0" falsecount="4"/>
        <line num="179" count="0" type="stmt"/>
        <line num="183" count="0" type="stmt"/>
        <line num="186" count="0" type="stmt"/>
        <line num="187" count="0" type="cond" truecount="0" falsecount="2"/>
        <line num="190" count="0" type="cond" truecount="0" falsecount="2"/>
      </file>
    </package>
    <package name="src">
      <metrics statements="52" coveredstatements="37" conditionals="57" coveredconditionals="31" methods="15" coveredmethods="7"/>
      <file name="index.ts" path="/Users/qin/Desktop/小黄的教室/packages/subject-settings/src/index.ts">
        <metrics statements="47" coveredstatements="32" conditionals="57" coveredconditionals="31" methods="15" coveredmethods="7"/>
        <line num="6" count="1" type="stmt"/>
        <line num="8" count="1" type="stmt"/>
        <line num="14" count="1" type="stmt"/>
        <line num="17" count="23" type="cond" truecount="1" falsecount="1"/>
        <line num="29" count="0" type="stmt"/>
        <line num="30" count="0" type="cond" truecount="0" falsecount="2"/>
        <line num="31" count="0" type="stmt"/>
        <line num="33" count="0" type="stmt"/>
        <line num="41" count="20" type="stmt"/>
        <line num="42" count="20" type="cond" truecount="1" falsecount="1"/>
        <line num="46" count="0" type="stmt"/>
        <line num="47" count="0" type="cond" truecount="0" falsecount="2"/>
        <line num="48" count="0" type="stmt"/>
        <line num="52" count="2" type="stmt"/>
        <line num="53" count="2" type="cond" truecount="1" falsecount="1"/>
        <line num="57" count="0" type="stmt"/>
        <line num="58" count="0" type="cond" truecount="0" falsecount="2"/>
        <line num="62" count="0" type="stmt"/>
        <line num="81" count="3" type="cond" truecount="1" falsecount="1"/>
        <line num="82" count="3" type="stmt"/>
        <line num="90" count="5" type="stmt"/>
        <line num="91" count="5" type="stmt"/>
        <line num="92" count="20" type="stmt"/>
        <line num="93" count="20" type="cond" truecount="1" falsecount="1"/>
        <line num="94" count="20" type="stmt"/>
        <line num="102" count="20" type="cond" truecount="2" falsecount="0"/>
        <line num="103" count="5" type="stmt"/>
        <line num="106" count="5" type="stmt"/>
        <line num="110" count="3" type="stmt"/>
        <line num="111" count="3" type="stmt"/>
        <line num="113" count="3" type="cond" truecount="4" falsecount="1"/>
        <line num="114" count="3" type="stmt"/>
        <line num="115" count="3" type="cond" truecount="4" falsecount="1"/>
        <line num="116" count="3" type="stmt"/>
        <line num="117" count="3" type="cond" truecount="2" falsecount="2"/>
        <line num="118" count="0" type="stmt"/>
        <line num="123" count="3" type="cond" truecount="1" falsecount="1"/>
        <line num="127" count="0" type="stmt"/>
        <line num="129" count="3" type="cond" truecount="3" falsecount="1"/>
        <line num="130" count="3" type="stmt"/>
        <line num="132" count="3" type="cond" truecount="3" falsecount="1"/>
        <line num="133" count="0" type="stmt"/>
        <line num="134" count="0" type="stmt"/>
        <line num="135" count="0" type="stmt"/>
        <line num="140" count="3" type="stmt"/>
        <line num="147" count="1" type="stmt"/>
        <line num="148" count="1" type="cond" truecount="1" falsecount="1"/>
      </file>
      <file name="tab-catalog.ts" path="/Users/qin/Desktop/小黄的教室/packages/subject-settings/src/tab-catalog.ts">
        <metrics statements="5" coveredstatements="5" conditionals="0" coveredconditionals="0" methods="0" coveredmethods="0"/>
        <line num="20" count="1" type="stmt"/>
        <line num="29" count="1" type="stmt"/>
        <line num="38" count="1" type="stmt"/>
        <line num="41" count="1" type="stmt"/>
        <line num="73" count="1" type="stmt"/>
      </file>
    </package>
  </project>
</coverage>
