{"/Users/qin/Desktop/小黄的教室/packages/subject-settings/dist/index.cjs": {"path":"/Users/qin/Desktop/小黄的教室/packages/subject-settings/dist/index.cjs","statementMap":{"0":{"start":{"line":2,"column":16},"end":{"line":2,"column":37}},"1":{"start":{"line":3,"column":23},"end":{"line":3,"column":54}},"2":{"start":{"line":4,"column":24},"end":{"line":4,"column":50}},"3":{"start":{"line":5,"column":19},"end":{"line":5,"column":50}},"4":{"start":{"line":6,"column":15},"end":{"line":9,"column":1}},"5":{"start":{"line":7,"column":2},"end":{"line":8,"column":null}},"6":{"start":{"line":8,"column":4},"end":{"line":8,"column":null}},"7":{"start":{"line":10,"column":18},"end":{"line":17,"column":1}},"8":{"start":{"line":11,"column":2},"end":{"line":15,"column":null}},"9":{"start":{"line":12,"column":4},"end":{"line":14,"column":null}},"10":{"start":{"line":13,"column":6},"end":{"line":14,"column":null}},"11":{"start":{"line":14,"column":8},"end":{"line":14,"column":null}},"12":{"start":{"line":14,"column":40},"end":{"line":14,"column":49}},"13":{"start":{"line":16,"column":2},"end":{"line":16,"column":null}},"14":{"start":{"line":18,"column":19},"end":{"line":18,"column":90}},"15":{"start":{"line":18,"column":28},"end":{"line":18,"column":90}},"16":{"start":{"line":21,"column":20},"end":{"line":21,"column":22}},"17":{"start":{"line":22,"column":0},"end":{"line":36,"column":null}},"18":{"start":{"line":23,"column":20},"end":{"line":23,"column":30}},"19":{"start":{"line":24,"column":25},"end":{"line":24,"column":40}},"20":{"start":{"line":25,"column":27},"end":{"line":25,"column":44}},"21":{"start":{"line":26,"column":29},"end":{"line":26,"column":48}},"22":{"start":{"line":27,"column":38},"end":{"line":27,"column":66}},"23":{"start":{"line":28,"column":34},"end":{"line":28,"column":58}},"24":{"start":{"line":29,"column":31},"end":{"line":29,"column":52}},"25":{"start":{"line":30,"column":25},"end":{"line":30,"column":40}},"26":{"start":{"line":31,"column":32},"end":{"line":31,"column":54}},"27":{"start":{"line":32,"column":27},"end":{"line":32,"column":44}},"28":{"start":{"line":33,"column":28},"end":{"line":33,"column":46}},"29":{"start":{"line":34,"column":34},"end":{"line":34,"column":58}},"30":{"start":{"line":35,"column":30},"end":{"line":35,"column":null}},"31":{"start":{"line":37,"column":0},"end":{"line":37,"column":null}},"32":{"start":{"line":40,"column":21},"end":{"line":47,"column":1}},"33":{"start":{"line":48,"column":16},"end":{"line":55,"column":1}},"34":{"start":{"line":56,"column":15},"end":{"line":56,"column":85}},"35":{"start":{"line":57,"column":26},"end":{"line":87,"column":1}},"36":{"start":{"line":88,"column":24},"end":{"line":88,"column":56}},"37":{"start":{"line":91,"column":22},"end":{"line":91,"column":54}},"38":{"start":{"line":92,"column":17},"end":{"line":96,"column":1}},"39":{"start":{"line":97,"column":37},"end":{"line":97,"column":86}},"40":{"start":{"line":99,"column":2},"end":{"line":99,"column":null}},"41":{"start":{"line":102,"column":15},"end":{"line":102,"column":43}},"42":{"start":{"line":103,"column":2},"end":{"line":105,"column":null}},"43":{"start":{"line":104,"column":4},"end":{"line":104,"column":null}},"44":{"start":{"line":106,"column":2},"end":{"line":110,"column":null}},"45":{"start":{"line":113,"column":15},"end":{"line":113,"column":43}},"46":{"start":{"line":114,"column":2},"end":{"line":114,"column":null}},"47":{"start":{"line":117,"column":15},"end":{"line":117,"column":43}},"48":{"start":{"line":118,"column":2},"end":{"line":118,"column":null}},"49":{"start":{"line":118,"column":13},"end":{"line":118,"column":null}},"50":{"start":{"line":119,"column":2},"end":{"line":119,"column":null}},"51":{"start":{"line":119,"column":31},"end":{"line":119,"column":59}},"52":{"start":{"line":122,"column":15},"end":{"line":122,"column":43}},"53":{"start":{"line":123,"column":2},"end":{"line":123,"column":null}},"54":{"start":{"line":126,"column":15},"end":{"line":126,"column":43}},"55":{"start":{"line":127,"column":2},"end":{"line":127,"column":null}},"56":{"start":{"line":127,"column":47},"end":{"line":127,"column":51}},"57":{"start":{"line":130,"column":2},"end":{"line":130,"column":null}},"58":{"start":{"line":133,"column":16},"end":{"line":133,"column":63}},"59":{"start":{"line":134,"column":2},"end":{"line":138,"column":null}},"60":{"start":{"line":141,"column":14},"end":{"line":141,"column":16}},"61":{"start":{"line":142,"column":2},"end":{"line":156,"column":null}},"62":{"start":{"line":143,"column":17},"end":{"line":143,"column":47}},"63":{"start":{"line":144,"column":4},"end":{"line":144,"column":null}},"64":{"start":{"line":144,"column":15},"end":{"line":144,"column":null}},"65":{"start":{"line":145,"column":4},"end":{"line":152,"column":null}},"66":{"start":{"line":153,"column":4},"end":{"line":155,"column":null}},"67":{"start":{"line":154,"column":6},"end":{"line":154,"column":null}},"68":{"start":{"line":157,"column":2},"end":{"line":157,"column":null}},"69":{"start":{"line":160,"column":19},"end":{"line":160,"column":49}},"70":{"start":{"line":161,"column":14},"end":{"line":161,"column":50}},"71":{"start":{"line":162,"column":2},"end":{"line":182,"column":null}},"72":{"start":{"line":163,"column":4},"end":{"line":181,"column":null}},"73":{"start":{"line":164,"column":6},"end":{"line":164,"column":null}},"74":{"start":{"line":164,"column":66},"end":{"line":164,"column":null}},"75":{"start":{"line":165,"column":19},"end":{"line":165,"column":33}},"76":{"start":{"line":166,"column":6},"end":{"line":171,"column":null}},"77":{"start":{"line":167,"column":8},"end":{"line":170,"column":null}},"78":{"start":{"line":172,"column":6},"end":{"line":174,"column":null}},"79":{"start":{"line":173,"column":8},"end":{"line":173,"column":null}},"80":{"start":{"line":175,"column":6},"end":{"line":177,"column":null}},"81":{"start":{"line":176,"column":8},"end":{"line":176,"column":null}},"82":{"start":{"line":178,"column":6},"end":{"line":180,"column":null}},"83":{"start":{"line":179,"column":8},"end":{"line":179,"column":null}},"84":{"start":{"line":179,"column":60},"end":{"line":179,"column":69}},"85":{"start":{"line":179,"column":85},"end":{"line":179,"column":103}},"86":{"start":{"line":183,"column":2},"end":{"line":183,"column":null}},"87":{"start":{"line":186,"column":14},"end":{"line":186,"column":55}},"88":{"start":{"line":187,"column":2},"end":{"line":187,"column":null}},"89":{"start":{"line":190,"column":0},"end":{"line":204,"column":null}}},"fnMap":{"0":{"name":"(anonymous_0)","decl":{"start":{"line":6,"column":15},"end":{"line":6,"column":16}},"loc":{"start":{"line":6,"column":32},"end":{"line":9,"column":1}},"line":6},"1":{"name":"(anonymous_1)","decl":{"start":{"line":10,"column":18},"end":{"line":10,"column":19}},"loc":{"start":{"line":10,"column":46},"end":{"line":17,"column":1}},"line":10},"2":{"name":"(anonymous_2)","decl":{"start":{"line":14,"column":34},"end":{"line":14,"column":35}},"loc":{"start":{"line":14,"column":40},"end":{"line":14,"column":49}},"line":14},"3":{"name":"(anonymous_3)","decl":{"start":{"line":18,"column":19},"end":{"line":18,"column":20}},"loc":{"start":{"line":18,"column":28},"end":{"line":18,"column":90}},"line":18},"4":{"name":"(anonymous_4)","decl":{"start":{"line":23,"column":14},"end":{"line":23,"column":15}},"loc":{"start":{"line":23,"column":20},"end":{"line":23,"column":30}},"line":23},"5":{"name":"(anonymous_5)","decl":{"start":{"line":24,"column":19},"end":{"line":24,"column":20}},"loc":{"start":{"line":24,"column":25},"end":{"line":24,"column":40}},"line":24},"6":{"name":"(anonymous_6)","decl":{"start":{"line":25,"column":21},"end":{"line":25,"column":22}},"loc":{"start":{"line":25,"column":27},"end":{"line":25,"column":44}},"line":25},"7":{"name":"(anonymous_7)","decl":{"start":{"line":26,"column":23},"end":{"line":26,"column":24}},"loc":{"start":{"line":26,"column":29},"end":{"line":26,"column":48}},"line":26},"8":{"name":"(anonymous_8)","decl":{"start":{"line":27,"column":32},"end":{"line":27,"column":33}},"loc":{"start":{"line":27,"column":38},"end":{"line":27,"column":66}},"line":27},"9":{"name":"(anonymous_9)","decl":{"start":{"line":28,"column":28},"end":{"line":28,"column":29}},"loc":{"start":{"line":28,"column":34},"end":{"line":28,"column":58}},"line":28},"10":{"name":"(anonymous_10)","decl":{"start":{"line":29,"column":25},"end":{"line":29,"column":26}},"loc":{"start":{"line":29,"column":31},"end":{"line":29,"column":52}},"line":29},"11":{"name":"(anonymous_11)","decl":{"start":{"line":30,"column":19},"end":{"line":30,"column":20}},"loc":{"start":{"line":30,"column":25},"end":{"line":30,"column":40}},"line":30},"12":{"name":"(anonymous_12)","decl":{"start":{"line":31,"column":26},"end":{"line":31,"column":27}},"loc":{"start":{"line":31,"column":32},"end":{"line":31,"column":54}},"line":31},"13":{"name":"(anonymous_13)","decl":{"start":{"line":32,"column":21},"end":{"line":32,"column":22}},"loc":{"start":{"line":32,"column":27},"end":{"line":32,"column":44}},"line":32},"14":{"name":"(anonymous_14)","decl":{"start":{"line":33,"column":22},"end":{"line":33,"column":23}},"loc":{"start":{"line":33,"column":28},"end":{"line":33,"column":46}},"line":33},"15":{"name":"(anonymous_15)","decl":{"start":{"line":34,"column":28},"end":{"line":34,"column":29}},"loc":{"start":{"line":34,"column":34},"end":{"line":34,"column":58}},"line":34},"16":{"name":"(anonymous_16)","decl":{"start":{"line":35,"column":24},"end":{"line":35,"column":25}},"loc":{"start":{"line":35,"column":30},"end":{"line":35,"column":null}},"line":35},"17":{"name":"getSubjectTabMeta","decl":{"start":{"line":98,"column":9},"end":{"line":98,"column":26}},"loc":{"start":{"line":98,"column":38},"end":{"line":100,"column":null}},"line":98},"18":{"name":"getSubjectCapabilities","decl":{"start":{"line":101,"column":9},"end":{"line":101,"column":31}},"loc":{"start":{"line":101,"column":43},"end":{"line":111,"column":null}},"line":101},"19":{"name":"defaultSubjectBrandTitle","decl":{"start":{"line":112,"column":9},"end":{"line":112,"column":33}},"loc":{"start":{"line":112,"column":45},"end":{"line":115,"column":null}},"line":112},"20":{"name":"getDefaultPageOptions","decl":{"start":{"line":116,"column":9},"end":{"line":116,"column":30}},"loc":{"start":{"line":116,"column":42},"end":{"line":120,"column":null}},"line":116},"21":{"name":"(anonymous_21)","decl":{"start":{"line":119,"column":23},"end":{"line":119,"column":24}},"loc":{"start":{"line":119,"column":31},"end":{"line":119,"column":59}},"line":119},"22":{"name":"getDefaultTabId","decl":{"start":{"line":121,"column":9},"end":{"line":121,"column":24}},"loc":{"start":{"line":121,"column":36},"end":{"line":124,"column":null}},"line":121},"23":{"name":"allowedDefaultPageIds","decl":{"start":{"line":125,"column":9},"end":{"line":125,"column":30}},"loc":{"start":{"line":125,"column":42},"end":{"line":128,"column":null}},"line":125},"24":{"name":"(anonymous_24)","decl":{"start":{"line":127,"column":40},"end":{"line":127,"column":41}},"loc":{"start":{"line":127,"column":47},"end":{"line":127,"column":51}},"line":127},"25":{"name":"isValidDefaultPage","decl":{"start":{"line":129,"column":9},"end":{"line":129,"column":27}},"loc":{"start":{"line":129,"column":47},"end":{"line":131,"column":null}},"line":129},"26":{"name":"normalizeAi","decl":{"start":{"line":132,"column":9},"end":{"line":132,"column":20}},"loc":{"start":{"line":132,"column":26},"end":{"line":139,"column":null}},"line":132},"27":{"name":"createDefaultSubjectSettings","decl":{"start":{"line":140,"column":9},"end":{"line":140,"column":37}},"loc":{"start":{"line":140,"column":40},"end":{"line":158,"column":null}},"line":140},"28":{"name":"normalizeSubjectSettings","decl":{"start":{"line":159,"column":9},"end":{"line":159,"column":33}},"loc":{"start":{"line":159,"column":39},"end":{"line":184,"column":null}},"line":159},"29":{"name":"(anonymous_29)","decl":{"start":{"line":179,"column":53},"end":{"line":179,"column":54}},"loc":{"start":{"line":179,"column":60},"end":{"line":179,"column":69}},"line":179},"30":{"name":"(anonymous_30)","decl":{"start":{"line":179,"column":78},"end":{"line":179,"column":79}},"loc":{"start":{"line":179,"column":85},"end":{"line":179,"column":103}},"line":179},"31":{"name":"readSubjectAiFromMap","decl":{"start":{"line":185,"column":9},"end":{"line":185,"column":29}},"loc":{"start":{"line":185,"column":72},"end":{"line":188,"column":null}},"line":185}},"branchMap":{"0":{"loc":{"start":{"line":11,"column":2},"end":{"line":15,"column":null}},"type":"if","locations":[{"start":{"line":11,"column":2},"end":{"line":15,"column":null}},{"start":{},"end":{}}],"line":11},"1":{"loc":{"start":{"line":11,"column":6},"end":{"line":11,"column":68}},"type":"binary-expr","locations":[{"start":{"line":11,"column":6},"end":{"line":11,"column":10}},{"start":{"line":11,"column":14},"end":{"line":11,"column":38}},{"start":{"line":11,"column":42},"end":{"line":11,"column":68}}],"line":11},"2":{"loc":{"start":{"line":13,"column":6},"end":{"line":14,"column":null}},"type":"if","locations":[{"start":{"line":13,"column":6},"end":{"line":14,"column":null}},{"start":{},"end":{}}],"line":13},"3":{"loc":{"start":{"line":13,"column":10},"end":{"line":13,"column":55}},"type":"binary-expr","locations":[{"start":{"line":13,"column":10},"end":{"line":13,"column":37}},{"start":{"line":13,"column":41},"end":{"line":13,"column":55}}],"line":13},"4":{"loc":{"start":{"line":14,"column":63},"end":{"line":14,"column":119}},"type":"binary-expr","locations":[{"start":{"line":14,"column":63},"end":{"line":14,"column":100}},{"start":{"line":14,"column":104},"end":{"line":14,"column":119}}],"line":14},"5":{"loc":{"start":{"line":99,"column":9},"end":{"line":99,"column":47}},"type":"binary-expr","locations":[{"start":{"line":99,"column":9},"end":{"line":99,"column":39}},{"start":{"line":99,"column":43},"end":{"line":99,"column":47}}],"line":99},"6":{"loc":{"start":{"line":103,"column":2},"end":{"line":105,"column":null}},"type":"if","locations":[{"start":{"line":103,"column":2},"end":{"line":105,"column":null}},{"start":{},"end":{}}],"line":103},"7":{"loc":{"start":{"line":114,"column":9},"end":{"line":114,"column":78}},"type":"cond-expr","locations":[{"start":{"line":114,"column":16},"end":{"line":114,"column":60}},{"start":{"line":114,"column":63},"end":{"line":114,"column":78}}],"line":114},"8":{"loc":{"start":{"line":118,"column":2},"end":{"line":118,"column":null}},"type":"if","locations":[{"start":{"line":118,"column":2},"end":{"line":118,"column":null}},{"start":{},"end":{}}],"line":118},"9":{"loc":{"start":{"line":123,"column":9},"end":{"line":123,"column":37}},"type":"binary-expr","locations":[{"start":{"line":123,"column":9},"end":{"line":123,"column":27}},{"start":{"line":123,"column":31},"end":{"line":123,"column":37}}],"line":123},"10":{"loc":{"start":{"line":127,"column":18},"end":{"line":127,"column":34}},"type":"binary-expr","locations":[{"start":{"line":127,"column":18},"end":{"line":127,"column":28}},{"start":{"line":127,"column":32},"end":{"line":127,"column":34}}],"line":127},"11":{"loc":{"start":{"line":133,"column":16},"end":{"line":133,"column":63}},"type":"cond-expr","locations":[{"start":{"line":133,"column":49},"end":{"line":133,"column":58}},{"start":{"line":133,"column":61},"end":{"line":133,"column":63}}],"line":133},"12":{"loc":{"start":{"line":135,"column":13},"end":{"line":135,"column":80}},"type":"cond-expr","locations":[{"start":{"line":135,"column":48},"end":{"line":135,"column":59}},{"start":{"line":135,"column":62},"end":{"line":135,"column":80}}],"line":135},"13":{"loc":{"start":{"line":136,"column":12},"end":{"line":136,"column":61}},"type":"cond-expr","locations":[{"start":{"line":136,"column":46},"end":{"line":136,"column":56}},{"start":{"line":136,"column":59},"end":{"line":136,"column":61}}],"line":136},"14":{"loc":{"start":{"line":137,"column":11},"end":{"line":137,"column":null}},"type":"cond-expr","locations":[{"start":{"line":137,"column":39},"end":{"line":137,"column":44}},{"start":{"line":137,"column":47},"end":{"line":137,"column":null}}],"line":137},"15":{"loc":{"start":{"line":144,"column":4},"end":{"line":144,"column":null}},"type":"if","locations":[{"start":{"line":144,"column":4},"end":{"line":144,"column":null}},{"start":{},"end":{}}],"line":144},"16":{"loc":{"start":{"line":153,"column":4},"end":{"line":155,"column":null}},"type":"if","locations":[{"start":{"line":153,"column":4},"end":{"line":155,"column":null}},{"start":{},"end":{}}],"line":153},"17":{"loc":{"start":{"line":162,"column":2},"end":{"line":182,"column":null}},"type":"if","locations":[{"start":{"line":162,"column":2},"end":{"line":182,"column":null}},{"start":{},"end":{}}],"line":162},"18":{"loc":{"start":{"line":162,"column":6},"end":{"line":162,"column":59}},"type":"binary-expr","locations":[{"start":{"line":162,"column":6},"end":{"line":162,"column":9}},{"start":{"line":162,"column":13},"end":{"line":162,"column":36}},{"start":{"line":162,"column":40},"end":{"line":162,"column":59}}],"line":162},"19":{"loc":{"start":{"line":164,"column":6},"end":{"line":164,"column":null}},"type":"if","locations":[{"start":{"line":164,"column":6},"end":{"line":164,"column":null}},{"start":{},"end":{}}],"line":164},"20":{"loc":{"start":{"line":164,"column":10},"end":{"line":164,"column":64}},"type":"binary-expr","locations":[{"start":{"line":164,"column":10},"end":{"line":164,"column":25}},{"start":{"line":164,"column":29},"end":{"line":164,"column":35}},{"start":{"line":164,"column":39},"end":{"line":164,"column":64}}],"line":164},"21":{"loc":{"start":{"line":166,"column":6},"end":{"line":171,"column":null}},"type":"if","locations":[{"start":{"line":166,"column":6},"end":{"line":171,"column":null}},{"start":{},"end":{}}],"line":166},"22":{"loc":{"start":{"line":166,"column":10},"end":{"line":166,"column":56}},"type":"binary-expr","locations":[{"start":{"line":166,"column":10},"end":{"line":166,"column":21}},{"start":{"line":166,"column":25},"end":{"line":166,"column":56}}],"line":166},"23":{"loc":{"start":{"line":168,"column":24},"end":{"line":168,"column":61}},"type":"binary-expr","locations":[{"start":{"line":168,"column":24},"end":{"line":168,"column":41}},{"start":{"line":168,"column":45},"end":{"line":168,"column":61}}],"line":168},"24":{"loc":{"start":{"line":169,"column":23},"end":{"line":169,"column":null}},"type":"binary-expr","locations":[{"start":{"line":169,"column":23},"end":{"line":169,"column":46}},{"start":{"line":169,"column":50},"end":{"line":169,"column":null}}],"line":169},"25":{"loc":{"start":{"line":172,"column":6},"end":{"line":174,"column":null}},"type":"if","locations":[{"start":{"line":172,"column":6},"end":{"line":174,"column":null}},{"start":{},"end":{}}],"line":172},"26":{"loc":{"start":{"line":172,"column":10},"end":{"line":172,"column":99}},"type":"binary-expr","locations":[{"start":{"line":172,"column":10},"end":{"line":172,"column":47}},{"start":{"line":172,"column":51},"end":{"line":172,"column":99}}],"line":172},"27":{"loc":{"start":{"line":175,"column":6},"end":{"line":177,"column":null}},"type":"if","locations":[{"start":{"line":175,"column":6},"end":{"line":177,"column":null}},{"start":{},"end":{}}],"line":175},"28":{"loc":{"start":{"line":175,"column":10},"end":{"line":175,"column":50}},"type":"binary-expr","locations":[{"start":{"line":175,"column":10},"end":{"line":175,"column":18}},{"start":{"line":175,"column":22},"end":{"line":175,"column":50}}],"line":175},"29":{"loc":{"start":{"line":178,"column":6},"end":{"line":180,"column":null}},"type":"if","locations":[{"start":{"line":178,"column":6},"end":{"line":180,"column":null}},{"start":{},"end":{}}],"line":178},"30":{"loc":{"start":{"line":178,"column":10},"end":{"line":178,"column":73}},"type":"binary-expr","locations":[{"start":{"line":178,"column":10},"end":{"line":178,"column":35}},{"start":{"line":178,"column":39},"end":{"line":178,"column":73}}],"line":178},"31":{"loc":{"start":{"line":185,"column":47},"end":{"line":185,"column":70}},"type":"default-arg","locations":[{"start":{"line":185,"column":59},"end":{"line":185,"column":70}}],"line":185},"32":{"loc":{"start":{"line":187,"column":9},"end":{"line":187,"column":48}},"type":"binary-expr","locations":[{"start":{"line":187,"column":9},"end":{"line":187,"column":27}},{"start":{"line":187,"column":31},"end":{"line":187,"column":48}}],"line":187},"33":{"loc":{"start":{"line":190,"column":0},"end":{"line":204,"column":2}},"type":"binary-expr","locations":[{"start":{"line":190,"column":0},"end":{"line":190,"column":1}},{"start":{"line":190,"column":6},"end":{"line":204,"column":1}}],"line":190}},"s":{"0":1,"1":1,"2":1,"3":1,"4":1,"5":1,"6":13,"7":1,"8":1,"9":1,"10":13,"11":13,"12":2,"13":1,"14":1,"15":1,"16":1,"17":1,"18":0,"19":0,"20":0,"21":0,"22":1,"23":0,"24":0,"25":1,"26":0,"27":0,"28":0,"29":0,"30":0,"31":1,"32":1,"33":1,"34":1,"35":1,"36":1,"37":1,"38":1,"39":1,"40":5,"41":0,"42":0,"43":0,"44":0,"45":4,"46":4,"47":0,"48":0,"49":0,"50":0,"51":0,"52":1,"53":1,"54":0,"55":0,"56":0,"57":0,"58":0,"59":0,"60":1,"61":1,"62":4,"63":4,"64":0,"65":4,"66":4,"67":1,"68":1,"69":0,"70":0,"71":0,"72":0,"73":0,"74":0,"75":0,"76":0,"77":0,"78":0,"79":0,"80":0,"81":0,"82":0,"83":0,"84":0,"85":0,"86":0,"87":0,"88":0,"89":0},"f":{"0":1,"1":1,"2":2,"3":1,"4":0,"5":0,"6":0,"7":0,"8":1,"9":0,"10":0,"11":1,"12":0,"13":0,"14":0,"15":0,"16":0,"17":5,"18":0,"19":4,"20":0,"21":0,"22":1,"23":0,"24":0,"25":0,"26":0,"27":1,"28":0,"29":0,"30":0,"31":0},"b":{"0":[1,0],"1":[1,1,0],"2":[13,0],"3":[13,13],"4":[13,13],"5":[5,0],"6":[0,0],"7":[4,0],"8":[0,0],"9":[1,0],"10":[0,0],"11":[0,0],"12":[0,0],"13":[0,0],"14":[0,0],"15":[0,4],"16":[1,3],"17":[0,0],"18":[0,0,0],"19":[0,0],"20":[0,0,0],"21":[0,0],"22":[0,0],"23":[0,0],"24":[0,0],"25":[0,0],"26":[0,0],"27":[0,0],"28":[0,0],"29":[0,0],"30":[0,0],"31":[0],"32":[0,0],"33":[0,0]},"meta":{"lastBranch":34,"lastFunction":32,"lastStatement":90,"seen":{"s:2:16:2:37":0,"s:3:23:3:54":1,"s:4:24:4:50":2,"s:5:19:5:50":3,"s:6:15:9:1":4,"f:6:15:6:16":0,"s:7:2:8:Infinity":5,"s:8:4:8:Infinity":6,"s:10:18:17:1":7,"f:10:18:10:19":1,"b:11:2:15:Infinity:undefined:undefined:undefined:undefined":0,"s:11:2:15:Infinity":8,"b:11:6:11:10:11:14:11:38:11:42:11:68":1,"s:12:4:14:Infinity":9,"b:13:6:14:Infinity:undefined:undefined:undefined:undefined":2,"s:13:6:14:Infinity":10,"b:13:10:13:37:13:41:13:55":3,"s:14:8:14:Infinity":11,"f:14:34:14:35":2,"s:14:40:14:49":12,"b:14:63:14:100:14:104:14:119":4,"s:16:2:16:Infinity":13,"s:18:19:18:90":14,"f:18:19:18:20":3,"s:18:28:18:90":15,"s:21:20:21:22":16,"s:22:0:36:Infinity":17,"f:23:14:23:15":4,"s:23:20:23:30":18,"f:24:19:24:20":5,"s:24:25:24:40":19,"f:25:21:25:22":6,"s:25:27:25:44":20,"f:26:23:26:24":7,"s:26:29:26:48":21,"f:27:32:27:33":8,"s:27:38:27:66":22,"f:28:28:28:29":9,"s:28:34:28:58":23,"f:29:25:29:26":10,"s:29:31:29:52":24,"f:30:19:30:20":11,"s:30:25:30:40":25,"f:31:26:31:27":12,"s:31:32:31:54":26,"f:32:21:32:22":13,"s:32:27:32:44":27,"f:33:22:33:23":14,"s:33:28:33:46":28,"f:34:28:34:29":15,"s:34:34:34:58":29,"f:35:24:35:25":16,"s:35:30:35:Infinity":30,"s:37:0:37:Infinity":31,"s:40:21:47:1":32,"s:48:16:55:1":33,"s:56:15:56:85":34,"s:57:26:87:1":35,"s:88:24:88:56":36,"s:91:22:91:54":37,"s:92:17:96:1":38,"s:97:37:97:86":39,"f:98:9:98:26":17,"s:99:2:99:Infinity":40,"b:99:9:99:39:99:43:99:47":5,"f:101:9:101:31":18,"s:102:15:102:43":41,"b:103:2:105:Infinity:undefined:undefined:undefined:undefined":6,"s:103:2:105:Infinity":42,"s:104:4:104:Infinity":43,"s:106:2:110:Infinity":44,"f:112:9:112:33":19,"s:113:15:113:43":45,"s:114:2:114:Infinity":46,"b:114:16:114:60:114:63:114:78":7,"f:116:9:116:30":20,"s:117:15:117:43":47,"b:118:2:118:Infinity:undefined:undefined:undefined:undefined":8,"s:118:2:118:Infinity":48,"s:118:13:118:Infinity":49,"s:119:2:119:Infinity":50,"f:119:23:119:24":21,"s:119:31:119:59":51,"f:121:9:121:24":22,"s:122:15:122:43":52,"s:123:2:123:Infinity":53,"b:123:9:123:27:123:31:123:37":9,"f:125:9:125:30":23,"s:126:15:126:43":54,"s:127:2:127:Infinity":55,"b:127:18:127:28:127:32:127:34":10,"f:127:40:127:41":24,"s:127:47:127:51":56,"f:129:9:129:27":25,"s:130:2:130:Infinity":57,"f:132:9:132:20":26,"s:133:16:133:63":58,"b:133:49:133:58:133:61:133:63":11,"s:134:2:138:Infinity":59,"b:135:48:135:59:135:62:135:80":12,"b:136:46:136:56:136:59:136:61":13,"b:137:39:137:44:137:47:137:Infinity":14,"f:140:9:140:37":27,"s:141:14:141:16":60,"s:142:2:156:Infinity":61,"s:143:17:143:47":62,"b:144:4:144:Infinity:undefined:undefined:undefined:undefined":15,"s:144:4:144:Infinity":63,"s:144:15:144:Infinity":64,"s:145:4:152:Infinity":65,"b:153:4:155:Infinity:undefined:undefined:undefined:undefined":16,"s:153:4:155:Infinity":66,"s:154:6:154:Infinity":67,"s:157:2:157:Infinity":68,"f:159:9:159:33":28,"s:160:19:160:49":69,"s:161:14:161:50":70,"b:162:2:182:Infinity:undefined:undefined:undefined:undefined":17,"s:162:2:182:Infinity":71,"b:162:6:162:9:162:13:162:36:162:40:162:59":18,"s:163:4:181:Infinity":72,"b:164:6:164:Infinity:undefined:undefined:undefined:undefined":19,"s:164:6:164:Infinity":73,"b:164:10:164:25:164:29:164:35:164:39:164:64":20,"s:164:66:164:Infinity":74,"s:165:19:165:33":75,"b:166:6:171:Infinity:undefined:undefined:undefined:undefined":21,"s:166:6:171:Infinity":76,"b:166:10:166:21:166:25:166:56":22,"s:167:8:170:Infinity":77,"b:168:24:168:41:168:45:168:61":23,"b:169:23:169:46:169:50:169:Infinity":24,"b:172:6:174:Infinity:undefined:undefined:undefined:undefined":25,"s:172:6:174:Infinity":78,"b:172:10:172:47:172:51:172:99":26,"s:173:8:173:Infinity":79,"b:175:6:177:Infinity:undefined:undefined:undefined:undefined":27,"s:175:6:177:Infinity":80,"b:175:10:175:18:175:22:175:50":28,"s:176:8:176:Infinity":81,"b:178:6:180:Infinity:undefined:undefined:undefined:undefined":29,"s:178:6:180:Infinity":82,"b:178:10:178:35:178:39:178:73":30,"s:179:8:179:Infinity":83,"f:179:53:179:54":29,"s:179:60:179:69":84,"f:179:78:179:79":30,"s:179:85:179:103":85,"s:183:2:183:Infinity":86,"f:185:9:185:29":31,"b:185:59:185:70":31,"s:186:14:186:55":87,"s:187:2:187:Infinity":88,"b:187:9:187:27:187:31:187:48":32,"s:190:0:204:Infinity":89,"b:190:0:190:1:190:6:204:1":33},"fnNames":{}}}
,"/Users/qin/Desktop/小黄的教室/packages/subject-settings/src/index.ts": {"path":"/Users/qin/Desktop/小黄的教室/packages/subject-settings/src/index.ts","statementMap":{"0":{"start":{"line":6,"column":31},"end":{"line":6,"column":null}},"1":{"start":{"line":8,"column":26},"end":{"line":12,"column":null}},"2":{"start":{"line":14,"column":23},"end":{"line":14,"column":null}},"3":{"start":{"line":17,"column":2},"end":{"line":17,"column":null}},"4":{"start":{"line":29,"column":15},"end":{"line":29,"column":null}},"5":{"start":{"line":30,"column":2},"end":{"line":32,"column":null}},"6":{"start":{"line":31,"column":4},"end":{"line":31,"column":null}},"7":{"start":{"line":33,"column":2},"end":{"line":37,"column":null}},"8":{"start":{"line":41,"column":15},"end":{"line":41,"column":null}},"9":{"start":{"line":42,"column":2},"end":{"line":42,"column":null}},"10":{"start":{"line":46,"column":15},"end":{"line":46,"column":null}},"11":{"start":{"line":47,"column":2},"end":{"line":47,"column":null}},"12":{"start":{"line":47,"column":13},"end":{"line":47,"column":null}},"13":{"start":{"line":48,"column":2},"end":{"line":48,"column":null}},"14":{"start":{"line":48,"column":31},"end":{"line":48,"column":60}},"15":{"start":{"line":52,"column":15},"end":{"line":52,"column":null}},"16":{"start":{"line":53,"column":2},"end":{"line":53,"column":null}},"17":{"start":{"line":57,"column":15},"end":{"line":57,"column":null}},"18":{"start":{"line":58,"column":2},"end":{"line":58,"column":null}},"19":{"start":{"line":58,"column":47},"end":{"line":58,"column":51}},"20":{"start":{"line":62,"column":2},"end":{"line":62,"column":null}},"21":{"start":{"line":81,"column":16},"end":{"line":81,"column":null}},"22":{"start":{"line":82,"column":2},"end":{"line":86,"column":null}},"23":{"start":{"line":90,"column":34},"end":{"line":90,"column":null}},"24":{"start":{"line":91,"column":2},"end":{"line":105,"column":null}},"25":{"start":{"line":92,"column":17},"end":{"line":92,"column":null}},"26":{"start":{"line":93,"column":4},"end":{"line":93,"column":null}},"27":{"start":{"line":93,"column":15},"end":{"line":93,"column":null}},"28":{"start":{"line":94,"column":4},"end":{"line":101,"column":null}},"29":{"start":{"line":102,"column":4},"end":{"line":104,"column":null}},"30":{"start":{"line":103,"column":6},"end":{"line":103,"column":null}},"31":{"start":{"line":106,"column":2},"end":{"line":106,"column":null}},"32":{"start":{"line":110,"column":19},"end":{"line":110,"column":null}},"33":{"start":{"line":111,"column":14},"end":{"line":111,"column":null}},"34":{"start":{"line":113,"column":2},"end":{"line":138,"column":null}},"35":{"start":{"line":114,"column":4},"end":{"line":137,"column":null}},"36":{"start":{"line":115,"column":6},"end":{"line":115,"column":null}},"37":{"start":{"line":115,"column":66},"end":{"line":115,"column":null}},"38":{"start":{"line":116,"column":19},"end":{"line":116,"column":null}},"39":{"start":{"line":117,"column":6},"end":{"line":122,"column":null}},"40":{"start":{"line":118,"column":8},"end":{"line":121,"column":null}},"41":{"start":{"line":123,"column":6},"end":{"line":128,"column":null}},"42":{"start":{"line":127,"column":8},"end":{"line":127,"column":null}},"43":{"start":{"line":129,"column":6},"end":{"line":131,"column":null}},"44":{"start":{"line":130,"column":8},"end":{"line":130,"column":null}},"45":{"start":{"line":132,"column":6},"end":{"line":136,"column":null}},"46":{"start":{"line":133,"column":8},"end":{"line":135,"column":null}},"47":{"start":{"line":134,"column":31},"end":{"line":134,"column":40}},"48":{"start":{"line":135,"column":33},"end":{"line":135,"column":51}},"49":{"start":{"line":140,"column":2},"end":{"line":140,"column":null}},"50":{"start":{"line":147,"column":14},"end":{"line":147,"column":null}},"51":{"start":{"line":148,"column":2},"end":{"line":148,"column":null}}},"fnMap":{"0":{"name":"getSubjectTabMeta","decl":{"start":{"line":16,"column":16},"end":{"line":16,"column":34}},"loc":{"start":{"line":16,"column":81},"end":{"line":18,"column":null}},"line":16},"1":{"name":"getSubjectCapabilities","decl":{"start":{"line":24,"column":16},"end":{"line":24,"column":39}},"loc":{"start":{"line":28,"column":2},"end":{"line":38,"column":null}},"line":28},"2":{"name":"defaultSubjectBrandTitle","decl":{"start":{"line":40,"column":16},"end":{"line":40,"column":41}},"loc":{"start":{"line":40,"column":68},"end":{"line":43,"column":null}},"line":40},"3":{"name":"getDefaultPageOptions","decl":{"start":{"line":45,"column":16},"end":{"line":45,"column":38}},"loc":{"start":{"line":45,"column":95},"end":{"line":49,"column":null}},"line":45},"4":{"name":"(anonymous_4)","decl":{"start":{"line":48,"column":23},"end":{"line":48,"column":24}},"loc":{"start":{"line":48,"column":31},"end":{"line":48,"column":60}},"line":48},"5":{"name":"getDefaultTabId","decl":{"start":{"line":51,"column":16},"end":{"line":51,"column":32}},"loc":{"start":{"line":51,"column":59},"end":{"line":54,"column":null}},"line":51},"6":{"name":"allowedDefaultPageIds","decl":{"start":{"line":56,"column":9},"end":{"line":56,"column":31}},"loc":{"start":{"line":56,"column":50},"end":{"line":59,"column":null}},"line":56},"7":{"name":"(anonymous_7)","decl":{"start":{"line":58,"column":40},"end":{"line":58,"column":41}},"loc":{"start":{"line":58,"column":47},"end":{"line":58,"column":51}},"line":58},"8":{"name":"isValidDefaultPage","decl":{"start":{"line":61,"column":16},"end":{"line":61,"column":35}},"loc":{"start":{"line":61,"column":79},"end":{"line":63,"column":null}},"line":61},"9":{"name":"normalizeAi","decl":{"start":{"line":80,"column":9},"end":{"line":80,"column":21}},"loc":{"start":{"line":80,"column":89},"end":{"line":87,"column":null}},"line":80},"10":{"name":"createDefaultSubjectSettings","decl":{"start":{"line":89,"column":16},"end":{"line":89,"column":67}},"loc":{"start":{"line":89,"column":67},"end":{"line":107,"column":null}},"line":89},"11":{"name":"normalizeSubjectSettings","decl":{"start":{"line":109,"column":16},"end":{"line":109,"column":41}},"loc":{"start":{"line":109,"column":75},"end":{"line":141,"column":null}},"line":109},"12":{"name":"(anonymous_12)","decl":{"start":{"line":134,"column":15},"end":{"line":134,"column":16}},"loc":{"start":{"line":134,"column":31},"end":{"line":134,"column":40}},"line":134},"13":{"name":"(anonymous_13)","decl":{"start":{"line":135,"column":18},"end":{"line":135,"column":19}},"loc":{"start":{"line":135,"column":33},"end":{"line":135,"column":51}},"line":135},"14":{"name":"readSubjectAiFromMap","decl":{"start":{"line":143,"column":16},"end":{"line":143,"column":null}},"loc":{"start":{"line":146,"column":21},"end":{"line":149,"column":null}},"line":146}},"branchMap":{"0":{"loc":{"start":{"line":17,"column":9},"end":{"line":17,"column":null}},"type":"binary-expr","locations":[{"start":{"line":17,"column":9},"end":{"line":17,"column":43}},{"start":{"line":17,"column":43},"end":{"line":17,"column":null}}],"line":17},"1":{"loc":{"start":{"line":30,"column":2},"end":{"line":32,"column":null}},"type":"if","locations":[{"start":{"line":30,"column":2},"end":{"line":32,"column":null}},{"start":{},"end":{}}],"line":30},"2":{"loc":{"start":{"line":42,"column":9},"end":{"line":42,"column":null}},"type":"cond-expr","locations":[{"start":{"line":42,"column":16},"end":{"line":42,"column":38}},{"start":{"line":42,"column":38},"end":{"line":42,"column":null}}],"line":42},"3":{"loc":{"start":{"line":47,"column":2},"end":{"line":47,"column":null}},"type":"if","locations":[{"start":{"line":47,"column":2},"end":{"line":47,"column":null}},{"start":{},"end":{}}],"line":47},"4":{"loc":{"start":{"line":53,"column":9},"end":{"line":53,"column":null}},"type":"binary-expr","locations":[{"start":{"line":53,"column":9},"end":{"line":53,"column":31}},{"start":{"line":53,"column":31},"end":{"line":53,"column":null}}],"line":53},"5":{"loc":{"start":{"line":58,"column":18},"end":{"line":58,"column":36}},"type":"binary-expr","locations":[{"start":{"line":58,"column":18},"end":{"line":58,"column":32}},{"start":{"line":58,"column":32},"end":{"line":58,"column":36}}],"line":58},"6":{"loc":{"start":{"line":81,"column":16},"end":{"line":81,"column":null}},"type":"cond-expr","locations":[{"start":{"line":81,"column":49},"end":{"line":81,"column":61}},{"start":{"line":81,"column":61},"end":{"line":81,"column":null}}],"line":81},"7":{"loc":{"start":{"line":83,"column":13},"end":{"line":83,"column":null}},"type":"cond-expr","locations":[{"start":{"line":83,"column":48},"end":{"line":83,"column":62}},{"start":{"line":83,"column":62},"end":{"line":83,"column":null}}],"line":83},"8":{"loc":{"start":{"line":84,"column":12},"end":{"line":84,"column":null}},"type":"cond-expr","locations":[{"start":{"line":84,"column":46},"end":{"line":84,"column":59}},{"start":{"line":84,"column":59},"end":{"line":84,"column":null}}],"line":84},"9":{"loc":{"start":{"line":85,"column":11},"end":{"line":85,"column":null}},"type":"cond-expr","locations":[{"start":{"line":85,"column":39},"end":{"line":85,"column":47}},{"start":{"line":85,"column":47},"end":{"line":85,"column":null}}],"line":85},"10":{"loc":{"start":{"line":93,"column":4},"end":{"line":93,"column":null}},"type":"if","locations":[{"start":{"line":93,"column":4},"end":{"line":93,"column":null}},{"start":{},"end":{}}],"line":93},"11":{"loc":{"start":{"line":102,"column":4},"end":{"line":104,"column":null}},"type":"if","locations":[{"start":{"line":102,"column":4},"end":{"line":104,"column":null}},{"start":{},"end":{}}],"line":102},"12":{"loc":{"start":{"line":113,"column":2},"end":{"line":138,"column":null}},"type":"if","locations":[{"start":{"line":113,"column":2},"end":{"line":138,"column":null}},{"start":{},"end":{}}],"line":113},"13":{"loc":{"start":{"line":113,"column":6},"end":{"line":113,"column":61}},"type":"binary-expr","locations":[{"start":{"line":113,"column":6},"end":{"line":113,"column":13}},{"start":{"line":113,"column":13},"end":{"line":113,"column":40}},{"start":{"line":113,"column":40},"end":{"line":113,"column":61}}],"line":113},"14":{"loc":{"start":{"line":115,"column":6},"end":{"line":115,"column":null}},"type":"if","locations":[{"start":{"line":115,"column":6},"end":{"line":115,"column":null}},{"start":{},"end":{}}],"line":115},"15":{"loc":{"start":{"line":115,"column":10},"end":{"line":115,"column":66}},"type":"binary-expr","locations":[{"start":{"line":115,"column":10},"end":{"line":115,"column":29}},{"start":{"line":115,"column":29},"end":{"line":115,"column":39}},{"start":{"line":115,"column":39},"end":{"line":115,"column":66}}],"line":115},"16":{"loc":{"start":{"line":117,"column":6},"end":{"line":122,"column":null}},"type":"if","locations":[{"start":{"line":117,"column":6},"end":{"line":122,"column":null}},{"start":{},"end":{}}],"line":117},"17":{"loc":{"start":{"line":117,"column":10},"end":{"line":117,"column":58}},"type":"binary-expr","locations":[{"start":{"line":117,"column":10},"end":{"line":117,"column":25}},{"start":{"line":117,"column":25},"end":{"line":117,"column":58}}],"line":117},"18":{"loc":{"start":{"line":119,"column":24},"end":{"line":119,"column":61}},"type":"binary-expr","locations":[{"start":{"line":119,"column":24},"end":{"line":119,"column":45}},{"start":{"line":119,"column":45},"end":{"line":119,"column":61}}],"line":119},"19":{"loc":{"start":{"line":120,"column":23},"end":{"line":120,"column":null}},"type":"binary-expr","locations":[{"start":{"line":120,"column":23},"end":{"line":120,"column":50}},{"start":{"line":120,"column":50},"end":{"line":120,"column":null}}],"line":120},"20":{"loc":{"start":{"line":123,"column":6},"end":{"line":128,"column":null}},"type":"if","locations":[{"start":{"line":123,"column":6},"end":{"line":128,"column":null}},{"start":{},"end":{}}],"line":123},"21":{"loc":{"start":{"line":124,"column":8},"end":{"line":125,"column":null}},"type":"binary-expr","locations":[{"start":{"line":124,"column":8},"end":{"line":124,"column":null}},{"start":{"line":125,"column":8},"end":{"line":125,"column":null}}],"line":124},"22":{"loc":{"start":{"line":129,"column":6},"end":{"line":131,"column":null}},"type":"if","locations":[{"start":{"line":129,"column":6},"end":{"line":131,"column":null}},{"start":{},"end":{}}],"line":129},"23":{"loc":{"start":{"line":129,"column":10},"end":{"line":129,"column":52}},"type":"binary-expr","locations":[{"start":{"line":129,"column":10},"end":{"line":129,"column":22}},{"start":{"line":129,"column":22},"end":{"line":129,"column":52}}],"line":129},"24":{"loc":{"start":{"line":132,"column":6},"end":{"line":136,"column":null}},"type":"if","locations":[{"start":{"line":132,"column":6},"end":{"line":136,"column":null}},{"start":{},"end":{}}],"line":132},"25":{"loc":{"start":{"line":132,"column":10},"end":{"line":132,"column":75}},"type":"binary-expr","locations":[{"start":{"line":132,"column":10},"end":{"line":132,"column":39}},{"start":{"line":132,"column":39},"end":{"line":132,"column":75}}],"line":132},"26":{"loc":{"start":{"line":145,"column":2},"end":{"line":145,"column":null}},"type":"default-arg","locations":[{"start":{"line":145,"column":14},"end":{"line":145,"column":null}}],"line":145},"27":{"loc":{"start":{"line":148,"column":9},"end":{"line":148,"column":null}},"type":"binary-expr","locations":[{"start":{"line":148,"column":9},"end":{"line":148,"column":31}},{"start":{"line":148,"column":31},"end":{"line":148,"column":null}}],"line":148}},"s":{"0":1,"1":1,"2":1,"3":23,"4":0,"5":0,"6":0,"7":0,"8":20,"9":20,"10":0,"11":0,"12":0,"13":0,"14":0,"15":2,"16":2,"17":0,"18":0,"19":0,"20":0,"21":3,"22":3,"23":5,"24":5,"25":20,"26":20,"27":0,"28":20,"29":20,"30":5,"31":5,"32":3,"33":3,"34":3,"35":3,"36":3,"37":0,"38":3,"39":3,"40":0,"41":3,"42":0,"43":3,"44":3,"45":3,"46":0,"47":0,"48":0,"49":3,"50":1,"51":1},"f":{"0":23,"1":0,"2":20,"3":0,"4":0,"5":2,"6":0,"7":0,"8":0,"9":3,"10":5,"11":3,"12":0,"13":0,"14":1},"b":{"0":[23,0],"1":[0,0],"2":[20,0],"3":[0,0],"4":[2,0],"5":[0,0],"6":[3,0],"7":[3,0],"8":[3,0],"9":[2,1],"10":[0,20],"11":[5,15],"12":[3,0],"13":[3,3,3],"14":[0,3],"15":[3,3,3],"16":[0,3],"17":[3,0],"18":[0,0],"19":[0,0],"20":[0,3],"21":[3,0],"22":[3,0],"23":[3,3],"24":[0,3],"25":[3,3],"26":[1],"27":[1,0]},"meta":{"lastBranch":28,"lastFunction":15,"lastStatement":52,"seen":{"s:6:31:6:Infinity":0,"s:8:26:12:Infinity":1,"s:14:23:14:Infinity":2,"f:16:16:16:34":0,"s:17:2:17:Infinity":3,"b:17:9:17:43:17:43:17:Infinity":0,"f:24:16:24:39":1,"s:29:15:29:Infinity":4,"b:30:2:32:Infinity:undefined:undefined:undefined:undefined":1,"s:30:2:32:Infinity":5,"s:31:4:31:Infinity":6,"s:33:2:37:Infinity":7,"f:40:16:40:41":2,"s:41:15:41:Infinity":8,"s:42:2:42:Infinity":9,"b:42:16:42:38:42:38:42:Infinity":2,"f:45:16:45:38":3,"s:46:15:46:Infinity":10,"b:47:2:47:Infinity:undefined:undefined:undefined:undefined":3,"s:47:2:47:Infinity":11,"s:47:13:47:Infinity":12,"s:48:2:48:Infinity":13,"f:48:23:48:24":4,"s:48:31:48:60":14,"f:51:16:51:32":5,"s:52:15:52:Infinity":15,"s:53:2:53:Infinity":16,"b:53:9:53:31:53:31:53:Infinity":4,"f:56:9:56:31":6,"s:57:15:57:Infinity":17,"s:58:2:58:Infinity":18,"b:58:18:58:32:58:32:58:36":5,"f:58:40:58:41":7,"s:58:47:58:51":19,"f:61:16:61:35":8,"s:62:2:62:Infinity":20,"f:80:9:80:21":9,"s:81:16:81:Infinity":21,"b:81:49:81:61:81:61:81:Infinity":6,"s:82:2:86:Infinity":22,"b:83:48:83:62:83:62:83:Infinity":7,"b:84:46:84:59:84:59:84:Infinity":8,"b:85:39:85:47:85:47:85:Infinity":9,"f:89:16:89:67":10,"s:90:34:90:Infinity":23,"s:91:2:105:Infinity":24,"s:92:17:92:Infinity":25,"b:93:4:93:Infinity:undefined:undefined:undefined:undefined":10,"s:93:4:93:Infinity":26,"s:93:15:93:Infinity":27,"s:94:4:101:Infinity":28,"b:102:4:104:Infinity:undefined:undefined:undefined:undefined":11,"s:102:4:104:Infinity":29,"s:103:6:103:Infinity":30,"s:106:2:106:Infinity":31,"f:109:16:109:41":11,"s:110:19:110:Infinity":32,"s:111:14:111:Infinity":33,"b:113:2:138:Infinity:undefined:undefined:undefined:undefined":12,"s:113:2:138:Infinity":34,"b:113:6:113:13:113:13:113:40:113:40:113:61":13,"s:114:4:137:Infinity":35,"b:115:6:115:Infinity:undefined:undefined:undefined:undefined":14,"s:115:6:115:Infinity":36,"b:115:10:115:29:115:29:115:39:115:39:115:66":15,"s:115:66:115:Infinity":37,"s:116:19:116:Infinity":38,"b:117:6:122:Infinity:undefined:undefined:undefined:undefined":16,"s:117:6:122:Infinity":39,"b:117:10:117:25:117:25:117:58":17,"s:118:8:121:Infinity":40,"b:119:24:119:45:119:45:119:61":18,"b:120:23:120:50:120:50:120:Infinity":19,"b:123:6:128:Infinity:undefined:undefined:undefined:undefined":20,"s:123:6:128:Infinity":41,"b:124:8:124:Infinity:125:8:125:Infinity":21,"s:127:8:127:Infinity":42,"b:129:6:131:Infinity:undefined:undefined:undefined:undefined":22,"s:129:6:131:Infinity":43,"b:129:10:129:22:129:22:129:52":23,"s:130:8:130:Infinity":44,"b:132:6:136:Infinity:undefined:undefined:undefined:undefined":24,"s:132:6:136:Infinity":45,"b:132:10:132:39:132:39:132:75":25,"s:133:8:135:Infinity":46,"f:134:15:134:16":12,"s:134:31:134:40":47,"f:135:18:135:19":13,"s:135:33:135:51":48,"s:140:2:140:Infinity":49,"f:143:16:143:Infinity":14,"b:145:14:145:Infinity":26,"s:147:14:147:Infinity":50,"s:148:2:148:Infinity":51,"b:148:9:148:31:148:31:148:Infinity":27},"fnNames":{}}}
,"/Users/qin/Desktop/小黄的教室/packages/subject-settings/src/tab-catalog.ts": {"path":"/Users/qin/Desktop/小黄的教室/packages/subject-settings/src/tab-catalog.ts","statementMap":{"0":{"start":{"line":20,"column":48},"end":{"line":27,"column":null}},"1":{"start":{"line":29,"column":43},"end":{"line":36,"column":null}},"2":{"start":{"line":38,"column":17},"end":{"line":38,"column":null}},"3":{"start":{"line":41,"column":72},"end":{"line":71,"column":null}},"4":{"start":{"line":73,"column":33},"end":{"line":73,"column":null}}},"fnMap":{},"branchMap":{},"s":{"0":1,"1":1,"2":1,"3":1,"4":1},"f":{},"b":{},"meta":{"lastBranch":0,"lastFunction":0,"lastStatement":5,"seen":{"s:20:48:27:Infinity":0,"s:29:43:36:Infinity":1,"s:38:17:38:Infinity":2,"s:41:72:71:Infinity":3,"s:73:33:73:Infinity":4},"fnNames":{}}}
}
