<?xml version="1.0" encoding="UTF-8"?>
<coverage generated="1786126426477" clover="3.2.0">
  <project timestamp="1786126426477" name="All files">
    <metrics statements="60" coveredstatements="58" conditionals="39" coveredconditionals="37" methods="23" coveredmethods="21" elements="122" coveredelements="116" complexity="0" loc="60" ncloc="60" packages="1" files="5" classes="5"/>
    <file name="cancellation.ts" path="/Users/qin/Desktop/小黄的教室/packages/domain-core/src/cancellation.ts">
      <metrics statements="11" coveredstatements="11" conditionals="2" coveredconditionals="2" methods="3" coveredmethods="3"/>
      <line num="9" count="1" type="stmt"/>
      <line num="10" count="1" type="stmt"/>
      <line num="12" count="2" type="cond" truecount="2" falsecount="0"/>
      <line num="13" count="1" type="stmt"/>
      <line num="14" count="1" type="stmt"/>
      <line num="21" count="1" type="stmt"/>
      <line num="22" count="1" type="stmt"/>
      <line num="23" count="3" type="stmt"/>
      <line num="24" count="3" type="stmt"/>
      <line num="26" count="1" type="stmt"/>
      <line num="29" count="1" type="stmt"/>
    </file>
    <file name="errors.ts" path="/Users/qin/Desktop/小黄的教室/packages/domain-core/src/errors.ts">
      <metrics statements="7" coveredstatements="7" conditionals="3" coveredconditionals="3" methods="2" coveredmethods="2"/>
      <line num="5" count="1" type="stmt"/>
      <line num="36" count="2" type="stmt"/>
      <line num="37" count="2" type="stmt"/>
      <line num="38" count="2" type="stmt"/>
      <line num="39" count="2" type="stmt"/>
      <line num="45" count="2" type="cond" truecount="2" falsecount="0"/>
      <line num="46" count="1" type="stmt"/>
    </file>
    <file name="ids-clock.ts" path="/Users/qin/Desktop/小黄的教室/packages/domain-core/src/ids-clock.ts">
      <metrics statements="20" coveredstatements="18" conditionals="11" coveredconditionals="9" methods="6" coveredmethods="4"/>
      <line num="7" count="1" type="stmt"/>
      <line num="8" count="2" type="stmt"/>
      <line num="15" count="1" type="stmt"/>
      <line num="16" count="0" type="stmt"/>
      <line num="26" count="1" type="stmt"/>
      <line num="27" count="1" type="stmt"/>
      <line num="28" count="1" type="stmt"/>
      <line num="29" count="1" type="stmt"/>
      <line num="30" count="3" type="stmt"/>
      <line num="31" count="3" type="cond" truecount="1" falsecount="1"/>
      <line num="32" count="3" type="stmt"/>
      <line num="33" count="3" type="stmt"/>
      <line num="34" count="3" type="cond" truecount="5" falsecount="1"/>
      <line num="35" count="3" type="stmt"/>
      <line num="39" count="1" type="stmt"/>
      <line num="40" count="1" type="stmt"/>
      <line num="42" count="3" type="cond" truecount="2" falsecount="0"/>
      <line num="43" count="3" type="stmt"/>
      <line num="44" count="3" type="stmt"/>
      <line num="47" count="0" type="stmt"/>
    </file>
    <file name="result.ts" path="/Users/qin/Desktop/小黄的教室/packages/domain-core/src/result.ts">
      <metrics statements="9" coveredstatements="9" conditionals="0" coveredconditionals="0" methods="8" coveredmethods="8"/>
      <line num="16" count="6" type="stmt"/>
      <line num="20" count="1" type="stmt"/>
      <line num="23" count="1" type="stmt"/>
      <line num="29" count="4" type="stmt"/>
      <line num="33" count="1" type="stmt"/>
      <line num="34" count="1" type="stmt"/>
      <line num="37" count="1" type="stmt"/>
      <line num="43" count="1" type="stmt"/>
      <line num="47" count="2" type="stmt"/>
    </file>
    <file name="serialization.ts" path="/Users/qin/Desktop/小黄的教室/packages/domain-core/src/serialization.ts">
      <metrics statements="13" coveredstatements="13" conditionals="23" coveredconditionals="23" methods="4" coveredmethods="4"/>
      <line num="5" count="7" type="cond" truecount="4" falsecount="0"/>
      <line num="6" count="3" type="cond" truecount="2" falsecount="0"/>
      <line num="7" count="1" type="stmt"/>
      <line num="10" count="2" type="cond" truecount="3" falsecount="0"/>
      <line num="14" count="2" type="stmt"/>
      <line num="16" count="2" type="stmt"/>
      <line num="17" count="2" type="stmt"/>
      <line num="18" count="7" type="cond" truecount="4" falsecount="0"/>
      <line num="19" count="5" type="cond" truecount="4" falsecount="0"/>
      <line num="20" count="4" type="stmt"/>
      <line num="22" count="2" type="stmt"/>
      <line num="27" count="4" type="cond" truecount="2" falsecount="0"/>
      <line num="28" count="4" type="cond" truecount="2" falsecount="0"/>
    </file>
  </project>
</coverage>
