{"/Users/qin/Desktop/小黄的教室/packages/domain-core/src/cancellation.ts": {"path":"/Users/qin/Desktop/小黄的教室/packages/domain-core/src/cancellation.ts","statementMap":{"0":{"start":{"line":9,"column":15},"end":{"line":9,"column":null}},"1":{"start":{"line":10,"column":2},"end":{"line":16,"column":null}},"2":{"start":{"line":12,"column":6},"end":{"line":12,"column":null}},"3":{"start":{"line":12,"column":18},"end":{"line":12,"column":null}},"4":{"start":{"line":13,"column":6},"end":{"line":13,"column":null}},"5":{"start":{"line":14,"column":6},"end":{"line":14,"column":null}},"6":{"start":{"line":21,"column":28},"end":{"line":21,"column":null}},"7":{"start":{"line":22,"column":2},"end":{"line":28,"column":null}},"8":{"start":{"line":22,"column":15},"end":{"line":22,"column":32}},"9":{"start":{"line":23,"column":4},"end":{"line":27,"column":null}},"10":{"start":{"line":24,"column":6},"end":{"line":24,"column":null}},"11":{"start":{"line":26,"column":6},"end":{"line":26,"column":null}},"12":{"start":{"line":29,"column":2},"end":{"line":29,"column":null}}},"fnMap":{"0":{"name":"createDisposer","decl":{"start":{"line":8,"column":16},"end":{"line":8,"column":31}},"loc":{"start":{"line":8,"column":59},"end":{"line":17,"column":null}},"line":8},"1":{"name":"dispose","decl":{"start":{"line":11,"column":4},"end":{"line":11,"column":14}},"loc":{"start":{"line":11,"column":14},"end":{"line":15,"column":null}},"line":11},"2":{"name":"disposeAll","decl":{"start":{"line":20,"column":16},"end":{"line":20,"column":27}},"loc":{"start":{"line":20,"column":67},"end":{"line":30,"column":null}},"line":20}},"branchMap":{"0":{"loc":{"start":{"line":12,"column":6},"end":{"line":12,"column":null}},"type":"if","locations":[{"start":{"line":12,"column":6},"end":{"line":12,"column":null}},{"start":{},"end":{}}],"line":12}},"s":{"0":1,"1":1,"2":2,"3":1,"4":1,"5":1,"6":1,"7":1,"8":1,"9":3,"10":3,"11":1,"12":1},"f":{"0":1,"1":2,"2":1},"b":{"0":[1,1]},"meta":{"lastBranch":1,"lastFunction":3,"lastStatement":13,"seen":{"f:8:16:8:31":0,"s:9:15:9:Infinity":0,"s:10:2:16:Infinity":1,"f:11:4:11:14":1,"b:12:6:12:Infinity:undefined:undefined:undefined:undefined":0,"s:12:6:12:Infinity":2,"s:12:18:12:Infinity":3,"s:13:6:13:Infinity":4,"s:14:6:14:Infinity":5,"f:20:16:20:27":2,"s:21:28:21:Infinity":6,"s:22:2:28:Infinity":7,"s:22:15:22:32":8,"s:23:4:27:Infinity":9,"s:24:6:24:Infinity":10,"s:26:6:26:Infinity":11,"s:29:2:29:Infinity":12},"fnNames":{}}}
,"/Users/qin/Desktop/小黄的教室/packages/domain-core/src/errors.ts": {"path":"/Users/qin/Desktop/小黄的教室/packages/domain-core/src/errors.ts","statementMap":{"0":{"start":{"line":5,"column":25},"end":{"line":27,"column":null}},"1":{"start":{"line":36,"column":4},"end":{"line":36,"column":null}},"2":{"start":{"line":37,"column":4},"end":{"line":37,"column":null}},"3":{"start":{"line":38,"column":4},"end":{"line":38,"column":null}},"4":{"start":{"line":39,"column":4},"end":{"line":39,"column":null}},"5":{"start":{"line":45,"column":2},"end":{"line":45,"column":null}},"6":{"start":{"line":45,"column":33},"end":{"line":45,"column":null}},"7":{"start":{"line":46,"column":2},"end":{"line":46,"column":null}}},"fnMap":{"0":{"name":"constructor","decl":{"start":{"line":35,"column":2},"end":{"line":35,"column":14}},"loc":{"start":{"line":35,"column":66},"end":{"line":40,"column":null}},"line":35},"1":{"name":"errorCodeOf","decl":{"start":{"line":44,"column":16},"end":{"line":44,"column":28}},"loc":{"start":{"line":44,"column":55},"end":{"line":47,"column":null}},"line":44}},"branchMap":{"0":{"loc":{"start":{"line":35,"column":48},"end":{"line":35,"column":66}},"type":"default-arg","locations":[{"start":{"line":35,"column":56},"end":{"line":35,"column":66}}],"line":35},"1":{"loc":{"start":{"line":45,"column":2},"end":{"line":45,"column":null}},"type":"if","locations":[{"start":{"line":45,"column":2},"end":{"line":45,"column":null}},{"start":{},"end":{}}],"line":45}},"s":{"0":1,"1":2,"2":2,"3":2,"4":2,"5":2,"6":1,"7":1},"f":{"0":2,"1":2},"b":{"0":[2],"1":[1,1]},"meta":{"lastBranch":2,"lastFunction":2,"lastStatement":8,"seen":{"s:5:25:27:Infinity":0,"f:35:2:35:14":0,"b:35:56:35:66":0,"s:36:4:36:Infinity":1,"s:37:4:37:Infinity":2,"s:38:4:38:Infinity":3,"s:39:4:39:Infinity":4,"f:44:16:44:28":1,"b:45:2:45:Infinity:undefined:undefined:undefined:undefined":1,"s:45:2:45:Infinity":5,"s:45:33:45:Infinity":6,"s:46:2:46:Infinity":7},"fnNames":{}}}
,"/Users/qin/Desktop/小黄的教室/packages/domain-core/src/ids-clock.ts": {"path":"/Users/qin/Desktop/小黄的教室/packages/domain-core/src/ids-clock.ts","statementMap":{"0":{"start":{"line":7,"column":34},"end":{"line":9,"column":null}},"1":{"start":{"line":8,"column":13},"end":{"line":8,"column":null}},"2":{"start":{"line":15,"column":40},"end":{"line":17,"column":null}},"3":{"start":{"line":16,"column":14},"end":{"line":16,"column":null}},"4":{"start":{"line":26,"column":19},"end":{"line":26,"column":null}},"5":{"start":{"line":27,"column":15},"end":{"line":38,"column":null}},"6":{"start":{"line":28,"column":4},"end":{"line":28,"column":null}},"7":{"start":{"line":29,"column":4},"end":{"line":37,"column":null}},"8":{"start":{"line":30,"column":16},"end":{"line":30,"column":null}},"9":{"start":{"line":31,"column":6},"end":{"line":31,"column":null}},"10":{"start":{"line":31,"column":14},"end":{"line":31,"column":null}},"11":{"start":{"line":32,"column":21},"end":{"line":32,"column":null}},"12":{"start":{"line":33,"column":18},"end":{"line":33,"column":null}},"13":{"start":{"line":34,"column":6},"end":{"line":36,"column":null}},"14":{"start":{"line":35,"column":8},"end":{"line":35,"column":null}},"15":{"start":{"line":39,"column":2},"end":{"line":39,"column":null}},"16":{"start":{"line":40,"column":2},"end":{"line":49,"column":null}},"17":{"start":{"line":42,"column":12},"end":{"line":42,"column":null}},"18":{"start":{"line":43,"column":6},"end":{"line":43,"column":null}},"19":{"start":{"line":44,"column":6},"end":{"line":44,"column":null}},"20":{"start":{"line":47,"column":6},"end":{"line":47,"column":null}}},"fnMap":{"0":{"name":"(anonymous_0)","decl":{"start":{"line":8,"column":7},"end":{"line":8,"column":13}},"loc":{"start":{"line":8,"column":13},"end":{"line":8,"column":null}},"line":8},"1":{"name":"(anonymous_1)","decl":{"start":{"line":16,"column":8},"end":{"line":16,"column":14}},"loc":{"start":{"line":16,"column":14},"end":{"line":16,"column":null}},"line":16},"2":{"name":"createIdAllocator","decl":{"start":{"line":25,"column":16},"end":{"line":25,"column":34}},"loc":{"start":{"line":25,"column":81},"end":{"line":50,"column":null}},"line":25},"3":{"name":"(anonymous_3)","decl":{"start":{"line":27,"column":15},"end":{"line":27,"column":16}},"loc":{"start":{"line":27,"column":43},"end":{"line":38,"column":null}},"line":27},"4":{"name":"next","decl":{"start":{"line":41,"column":4},"end":{"line":41,"column":9}},"loc":{"start":{"line":41,"column":17},"end":{"line":45,"column":null}},"line":41},"5":{"name":"reseed","decl":{"start":{"line":46,"column":4},"end":{"line":46,"column":11}},"loc":{"start":{"line":46,"column":16},"end":{"line":48,"column":null}},"line":46}},"branchMap":{"0":{"loc":{"start":{"line":25,"column":34},"end":{"line":25,"column":81}},"type":"default-arg","locations":[{"start":{"line":25,"column":64},"end":{"line":25,"column":81}}],"line":25},"1":{"loc":{"start":{"line":31,"column":6},"end":{"line":31,"column":null}},"type":"if","locations":[{"start":{"line":31,"column":6},"end":{"line":31,"column":null}},{"start":{},"end":{}}],"line":31},"2":{"loc":{"start":{"line":34,"column":6},"end":{"line":36,"column":null}},"type":"if","locations":[{"start":{"line":34,"column":6},"end":{"line":36,"column":null}},{"start":{},"end":{}}],"line":34},"3":{"loc":{"start":{"line":34,"column":10},"end":{"line":34,"column":69}},"type":"binary-expr","locations":[{"start":{"line":34,"column":10},"end":{"line":34,"column":34}},{"start":{"line":34,"column":34},"end":{"line":34,"column":69}}],"line":34},"4":{"loc":{"start":{"line":34,"column":41},"end":{"line":34,"column":69}},"type":"binary-expr","locations":[{"start":{"line":34,"column":41},"end":{"line":34,"column":65}},{"start":{"line":34,"column":65},"end":{"line":34,"column":69}}],"line":34},"5":{"loc":{"start":{"line":42,"column":19},"end":{"line":42,"column":48}},"type":"binary-expr","locations":[{"start":{"line":42,"column":19},"end":{"line":42,"column":43}},{"start":{"line":42,"column":43},"end":{"line":42,"column":48}}],"line":42}},"s":{"0":1,"1":2,"2":1,"3":0,"4":1,"5":1,"6":1,"7":1,"8":3,"9":3,"10":0,"11":3,"12":3,"13":3,"14":3,"15":1,"16":1,"17":3,"18":3,"19":3,"20":0},"f":{"0":2,"1":0,"2":1,"3":1,"4":3,"5":0},"b":{"0":[1],"1":[0,3],"2":[3,0],"3":[3,3],"4":[3,1],"5":[3,1]},"meta":{"lastBranch":6,"lastFunction":6,"lastStatement":21,"seen":{"s:7:34:9:Infinity":0,"f:8:7:8:13":0,"s:8:13:8:Infinity":1,"s:15:40:17:Infinity":2,"f:16:8:16:14":1,"s:16:14:16:Infinity":3,"f:25:16:25:34":2,"b:25:64:25:81":0,"s:26:19:26:Infinity":4,"s:27:15:38:Infinity":5,"f:27:15:27:16":3,"s:28:4:28:Infinity":6,"s:29:4:37:Infinity":7,"s:30:16:30:Infinity":8,"b:31:6:31:Infinity:undefined:undefined:undefined:undefined":1,"s:31:6:31:Infinity":9,"s:31:14:31:Infinity":10,"s:32:21:32:Infinity":11,"s:33:18:33:Infinity":12,"b:34:6:36:Infinity:undefined:undefined:undefined:undefined":2,"s:34:6:36:Infinity":13,"b:34:10:34:34:34:34:34:69":3,"b:34:41:34:65:34:65:34:69":4,"s:35:8:35:Infinity":14,"s:39:2:39:Infinity":15,"s:40:2:49:Infinity":16,"f:41:4:41:9":4,"s:42:12:42:Infinity":17,"b:42:19:42:43:42:43:42:48":5,"s:43:6:43:Infinity":18,"s:44:6:44:Infinity":19,"f:46:4:46:11":5,"s:47:6:47:Infinity":20},"fnNames":{}}}
,"/Users/qin/Desktop/小黄的教室/packages/domain-core/src/result.ts": {"path":"/Users/qin/Desktop/小黄的教室/packages/domain-core/src/result.ts","statementMap":{"0":{"start":{"line":16,"column":2},"end":{"line":25,"column":null}},"1":{"start":{"line":20,"column":6},"end":{"line":20,"column":null}},"2":{"start":{"line":23,"column":6},"end":{"line":23,"column":null}},"3":{"start":{"line":29,"column":2},"end":{"line":39,"column":null}},"4":{"start":{"line":33,"column":6},"end":{"line":33,"column":null}},"5":{"start":{"line":34,"column":6},"end":{"line":34,"column":null}},"6":{"start":{"line":37,"column":6},"end":{"line":37,"column":null}},"7":{"start":{"line":43,"column":2},"end":{"line":43,"column":null}},"8":{"start":{"line":47,"column":2},"end":{"line":47,"column":null}}},"fnMap":{"0":{"name":"ok","decl":{"start":{"line":15,"column":16},"end":{"line":15,"column":22}},"loc":{"start":{"line":15,"column":82},"end":{"line":26,"column":null}},"line":15},"1":{"name":"map","decl":{"start":{"line":19,"column":4},"end":{"line":19,"column":11}},"loc":{"start":{"line":19,"column":28},"end":{"line":21,"column":null}},"line":19},"2":{"name":"unwrap","decl":{"start":{"line":22,"column":4},"end":{"line":22,"column":13}},"loc":{"start":{"line":22,"column":13},"end":{"line":24,"column":null}},"line":22},"3":{"name":"err","decl":{"start":{"line":28,"column":16},"end":{"line":28,"column":23}},"loc":{"start":{"line":28,"column":84},"end":{"line":40,"column":null}},"line":28},"4":{"name":"map_2","decl":{"start":{"line":32,"column":4},"end":{"line":32,"column":11}},"loc":{"start":{"line":32,"column":33},"end":{"line":35,"column":null}},"line":32},"5":{"name":"unwrap_2","decl":{"start":{"line":36,"column":4},"end":{"line":36,"column":20}},"loc":{"start":{"line":36,"column":20},"end":{"line":38,"column":null}},"line":36},"6":{"name":"isOk","decl":{"start":{"line":42,"column":16},"end":{"line":42,"column":27}},"loc":{"start":{"line":42,"column":86},"end":{"line":44,"column":null}},"line":42},"7":{"name":"isErr","decl":{"start":{"line":46,"column":16},"end":{"line":46,"column":28}},"loc":{"start":{"line":46,"column":88},"end":{"line":48,"column":null}},"line":46}},"branchMap":{},"s":{"0":6,"1":1,"2":1,"3":4,"4":1,"5":1,"6":1,"7":1,"8":2},"f":{"0":6,"1":1,"2":1,"3":4,"4":1,"5":1,"6":1,"7":2},"b":{},"meta":{"lastBranch":0,"lastFunction":8,"lastStatement":9,"seen":{"f:15:16:15:22":0,"s:16:2:25:Infinity":0,"f:19:4:19:11":1,"s:20:6:20:Infinity":1,"f:22:4:22:13":2,"s:23:6:23:Infinity":2,"f:28:16:28:23":3,"s:29:2:39:Infinity":3,"f:32:4:32:11":4,"s:33:6:33:Infinity":4,"s:34:6:34:Infinity":5,"f:36:4:36:20":5,"s:37:6:37:Infinity":6,"f:42:16:42:27":6,"s:43:2:43:Infinity":7,"f:46:16:46:28":7,"s:47:2:47:Infinity":8},"fnNames":{}}}
,"/Users/qin/Desktop/小黄的教室/packages/domain-core/src/serialization.ts": {"path":"/Users/qin/Desktop/小黄的教室/packages/domain-core/src/serialization.ts","statementMap":{"0":{"start":{"line":5,"column":2},"end":{"line":5,"column":null}},"1":{"start":{"line":5,"column":51},"end":{"line":5,"column":null}},"2":{"start":{"line":6,"column":2},"end":{"line":15,"column":null}},"3":{"start":{"line":7,"column":4},"end":{"line":14,"column":null}},"4":{"start":{"line":10,"column":10},"end":{"line":12,"column":null}},"5":{"start":{"line":14,"column":18},"end":{"line":14,"column":38}},"6":{"start":{"line":16,"column":39},"end":{"line":16,"column":null}},"7":{"start":{"line":17,"column":2},"end":{"line":21,"column":null}},"8":{"start":{"line":18,"column":4},"end":{"line":18,"column":null}},"9":{"start":{"line":18,"column":52},"end":{"line":18,"column":null}},"10":{"start":{"line":19,"column":4},"end":{"line":19,"column":null}},"11":{"start":{"line":19,"column":54},"end":{"line":19,"column":null}},"12":{"start":{"line":20,"column":4},"end":{"line":20,"column":null}},"13":{"start":{"line":22,"column":2},"end":{"line":22,"column":null}},"14":{"start":{"line":27,"column":12},"end":{"line":27,"column":null}},"15":{"start":{"line":28,"column":2},"end":{"line":28,"column":null}}},"fnMap":{"0":{"name":"serializableClone","decl":{"start":{"line":4,"column":16},"end":{"line":4,"column":37}},"loc":{"start":{"line":4,"column":50},"end":{"line":23,"column":null}},"line":4},"1":{"name":"(anonymous_1)","decl":{"start":{"line":9,"column":8},"end":{"line":9,"column":9}},"loc":{"start":{"line":10,"column":10},"end":{"line":12,"column":null}},"line":10},"2":{"name":"(anonymous_2)","decl":{"start":{"line":14,"column":11},"end":{"line":14,"column":12}},"loc":{"start":{"line":14,"column":18},"end":{"line":14,"column":38}},"line":14},"3":{"name":"normalizeFinite","decl":{"start":{"line":26,"column":16},"end":{"line":26,"column":32}},"loc":{"start":{"line":26,"column":63},"end":{"line":29,"column":null}},"line":26}},"branchMap":{"0":{"loc":{"start":{"line":5,"column":2},"end":{"line":5,"column":null}},"type":"if","locations":[{"start":{"line":5,"column":2},"end":{"line":5,"column":null}},{"start":{},"end":{}}],"line":5},"1":{"loc":{"start":{"line":5,"column":6},"end":{"line":5,"column":51}},"type":"binary-expr","locations":[{"start":{"line":5,"column":6},"end":{"line":5,"column":24}},{"start":{"line":5,"column":24},"end":{"line":5,"column":51}}],"line":5},"2":{"loc":{"start":{"line":6,"column":2},"end":{"line":15,"column":null}},"type":"if","locations":[{"start":{"line":6,"column":2},"end":{"line":15,"column":null}},{"start":{},"end":{}}],"line":6},"3":{"loc":{"start":{"line":10,"column":10},"end":{"line":12,"column":null}},"type":"binary-expr","locations":[{"start":{"line":10,"column":10},"end":{"line":10,"column":null}},{"start":{"line":11,"column":10},"end":{"line":11,"column":null}},{"start":{"line":12,"column":10},"end":{"line":12,"column":null}}],"line":10},"4":{"loc":{"start":{"line":12,"column":12},"end":{"line":12,"column":null}},"type":"binary-expr","locations":[{"start":{"line":12,"column":12},"end":{"line":12,"column":37}},{"start":{"line":12,"column":37},"end":{"line":12,"column":null}}],"line":12},"5":{"loc":{"start":{"line":18,"column":4},"end":{"line":18,"column":null}},"type":"if","locations":[{"start":{"line":18,"column":4},"end":{"line":18,"column":null}},{"start":{},"end":{}}],"line":18},"6":{"loc":{"start":{"line":18,"column":8},"end":{"line":18,"column":52}},"type":"binary-expr","locations":[{"start":{"line":18,"column":8},"end":{"line":18,"column":27}},{"start":{"line":18,"column":27},"end":{"line":18,"column":52}}],"line":18},"7":{"loc":{"start":{"line":19,"column":4},"end":{"line":19,"column":null}},"type":"if","locations":[{"start":{"line":19,"column":4},"end":{"line":19,"column":null}},{"start":{},"end":{}}],"line":19},"8":{"loc":{"start":{"line":19,"column":8},"end":{"line":19,"column":54}},"type":"binary-expr","locations":[{"start":{"line":19,"column":8},"end":{"line":19,"column":33}},{"start":{"line":19,"column":33},"end":{"line":19,"column":54}}],"line":19},"9":{"loc":{"start":{"line":27,"column":12},"end":{"line":27,"column":null}},"type":"cond-expr","locations":[{"start":{"line":27,"column":40},"end":{"line":27,"column":48}},{"start":{"line":27,"column":48},"end":{"line":27,"column":null}}],"line":27},"10":{"loc":{"start":{"line":28,"column":9},"end":{"line":28,"column":null}},"type":"cond-expr","locations":[{"start":{"line":28,"column":30},"end":{"line":28,"column":34}},{"start":{"line":28,"column":34},"end":{"line":28,"column":null}}],"line":28}},"s":{"0":7,"1":4,"2":3,"3":1,"4":2,"5":2,"6":2,"7":2,"8":7,"9":2,"10":5,"11":1,"12":4,"13":2,"14":4,"15":4},"f":{"0":7,"1":2,"2":2,"3":4},"b":{"0":[4,3],"1":[7,7],"2":[1,2],"3":[2,2,2],"4":[2,2],"5":[2,5],"6":[7,6],"7":[1,4],"8":[5,3],"9":[3,1],"10":[2,2]},"meta":{"lastBranch":11,"lastFunction":4,"lastStatement":16,"seen":{"f:4:16:4:37":0,"b:5:2:5:Infinity:undefined:undefined:undefined:undefined":0,"s:5:2:5:Infinity":0,"b:5:6:5:24:5:24:5:51":1,"s:5:51:5:Infinity":1,"b:6:2:15:Infinity:undefined:undefined:undefined:undefined":2,"s:6:2:15:Infinity":2,"s:7:4:14:Infinity":3,"f:9:8:9:9":1,"s:10:10:12:Infinity":4,"b:10:10:10:Infinity:11:10:11:Infinity:12:10:12:Infinity":3,"b:12:12:12:37:12:37:12:Infinity":4,"f:14:11:14:12":2,"s:14:18:14:38":5,"s:16:39:16:Infinity":6,"s:17:2:21:Infinity":7,"b:18:4:18:Infinity:undefined:undefined:undefined:undefined":5,"s:18:4:18:Infinity":8,"b:18:8:18:27:18:27:18:52":6,"s:18:52:18:Infinity":9,"b:19:4:19:Infinity:undefined:undefined:undefined:undefined":7,"s:19:4:19:Infinity":10,"b:19:8:19:33:19:33:19:54":8,"s:19:54:19:Infinity":11,"s:20:4:20:Infinity":12,"s:22:2:22:Infinity":13,"f:26:16:26:32":3,"s:27:12:27:Infinity":14,"b:27:40:27:48:27:48:27:Infinity":9,"s:28:2:28:Infinity":15,"b:28:30:28:34:28:34:28:Infinity":10},"fnNames":{}}}
}
