{"/Users/qin/Desktop/小黄的教室/packages/math-expr/dist/index.cjs": {"path":"/Users/qin/Desktop/小黄的教室/packages/math-expr/dist/index.cjs","statementMap":{"0":{"start":{"line":2,"column":16},"end":{"line":2,"column":37}},"1":{"start":{"line":3,"column":23},"end":{"line":3,"column":54}},"2":{"start":{"line":4,"column":24},"end":{"line":4,"column":50}},"3":{"start":{"line":5,"column":19},"end":{"line":5,"column":50}},"4":{"start":{"line":6,"column":15},"end":{"line":9,"column":1}},"5":{"start":{"line":7,"column":2},"end":{"line":8,"column":null}},"6":{"start":{"line":8,"column":4},"end":{"line":8,"column":null}},"7":{"start":{"line":10,"column":18},"end":{"line":17,"column":1}},"8":{"start":{"line":11,"column":2},"end":{"line":15,"column":null}},"9":{"start":{"line":12,"column":4},"end":{"line":14,"column":null}},"10":{"start":{"line":13,"column":6},"end":{"line":14,"column":null}},"11":{"start":{"line":14,"column":8},"end":{"line":14,"column":null}},"12":{"start":{"line":14,"column":40},"end":{"line":14,"column":49}},"13":{"start":{"line":16,"column":2},"end":{"line":16,"column":null}},"14":{"start":{"line":18,"column":19},"end":{"line":18,"column":90}},"15":{"start":{"line":18,"column":28},"end":{"line":18,"column":90}},"16":{"start":{"line":21,"column":20},"end":{"line":21,"column":22}},"17":{"start":{"line":22,"column":0},"end":{"line":27,"column":null}},"18":{"start":{"line":23,"column":28},"end":{"line":23,"column":46}},"19":{"start":{"line":24,"column":25},"end":{"line":24,"column":40}},"20":{"start":{"line":25,"column":25},"end":{"line":25,"column":40}},"21":{"start":{"line":26,"column":32},"end":{"line":26,"column":null}},"22":{"start":{"line":28,"column":0},"end":{"line":28,"column":null}},"23":{"start":{"line":29,"column":25},"end":{"line":38,"column":2}},"24":{"start":{"line":40,"column":10},"end":{"line":40,"column":34}},"25":{"start":{"line":41,"column":2},"end":{"line":41,"column":null}},"26":{"start":{"line":41,"column":10},"end":{"line":41,"column":null}},"27":{"start":{"line":42,"column":14},"end":{"line":42,"column":43}},"28":{"start":{"line":43,"column":2},"end":{"line":43,"column":null}},"29":{"start":{"line":44,"column":2},"end":{"line":44,"column":null}},"30":{"start":{"line":45,"column":2},"end":{"line":45,"column":null}},"31":{"start":{"line":46,"column":2},"end":{"line":46,"column":null}},"32":{"start":{"line":47,"column":2},"end":{"line":47,"column":null}},"33":{"start":{"line":48,"column":2},"end":{"line":48,"column":null}},"34":{"start":{"line":49,"column":2},"end":{"line":49,"column":null}},"35":{"start":{"line":50,"column":2},"end":{"line":50,"column":null}},"36":{"start":{"line":51,"column":14},"end":{"line":51,"column":29}},"37":{"start":{"line":52,"column":2},"end":{"line":54,"column":null}},"38":{"start":{"line":53,"column":4},"end":{"line":53,"column":null}},"39":{"start":{"line":55,"column":2},"end":{"line":55,"column":null}},"40":{"start":{"line":56,"column":2},"end":{"line":56,"column":null}},"41":{"start":{"line":57,"column":2},"end":{"line":59,"column":null}},"42":{"start":{"line":58,"column":4},"end":{"line":58,"column":null}},"43":{"start":{"line":60,"column":13},"end":{"line":60,"column":14}},"44":{"start":{"line":61,"column":2},"end":{"line":61,"column":null}},"45":{"start":{"line":62,"column":2},"end":{"line":62,"column":null}},"46":{"start":{"line":63,"column":2},"end":{"line":63,"column":null}},"47":{"start":{"line":64,"column":2},"end":{"line":64,"column":null}},"48":{"start":{"line":65,"column":2},"end":{"line":65,"column":null}},"49":{"start":{"line":66,"column":2},"end":{"line":66,"column":null}},"50":{"start":{"line":67,"column":2},"end":{"line":67,"column":null}},"51":{"start":{"line":68,"column":2},"end":{"line":68,"column":null}},"52":{"start":{"line":69,"column":2},"end":{"line":69,"column":null}},"53":{"start":{"line":70,"column":2},"end":{"line":70,"column":null}},"54":{"start":{"line":71,"column":2},"end":{"line":71,"column":null}},"55":{"start":{"line":73,"column":2},"end":{"line":77,"column":null}},"56":{"start":{"line":74,"column":4},"end":{"line":74,"column":null}},"57":{"start":{"line":76,"column":4},"end":{"line":76,"column":null}},"58":{"start":{"line":78,"column":2},"end":{"line":83,"column":null}},"59":{"start":{"line":79,"column":4},"end":{"line":79,"column":null}},"60":{"start":{"line":80,"column":4},"end":{"line":80,"column":null}},"61":{"start":{"line":82,"column":4},"end":{"line":82,"column":null}},"62":{"start":{"line":84,"column":2},"end":{"line":96,"column":null}},"63":{"start":{"line":88,"column":6},"end":{"line":94,"column":null}},"64":{"start":{"line":89,"column":18},"end":{"line":89,"column":29}},"65":{"start":{"line":90,"column":8},"end":{"line":90,"column":null}},"66":{"start":{"line":90,"column":58},"end":{"line":90,"column":null}},"67":{"start":{"line":91,"column":8},"end":{"line":91,"column":null}},"68":{"start":{"line":93,"column":8},"end":{"line":93,"column":null}},"69":{"start":{"line":99,"column":12},"end":{"line":99,"column":32}},"70":{"start":{"line":100,"column":2},"end":{"line":100,"column":null}},"71":{"start":{"line":100,"column":13},"end":{"line":100,"column":null}},"72":{"start":{"line":101,"column":2},"end":{"line":101,"column":null}},"73":{"start":{"line":104,"column":12},"end":{"line":104,"column":36}},"74":{"start":{"line":105,"column":2},"end":{"line":105,"column":null}},"75":{"start":{"line":105,"column":10},"end":{"line":105,"column":null}},"76":{"start":{"line":106,"column":2},"end":{"line":106,"column":null}},"77":{"start":{"line":106,"column":27},"end":{"line":106,"column":null}},"78":{"start":{"line":107,"column":2},"end":{"line":107,"column":null}},"79":{"start":{"line":110,"column":0},"end":{"line":115,"column":null}}},"fnMap":{"0":{"name":"(anonymous_0)","decl":{"start":{"line":6,"column":15},"end":{"line":6,"column":16}},"loc":{"start":{"line":6,"column":32},"end":{"line":9,"column":1}},"line":6},"1":{"name":"(anonymous_1)","decl":{"start":{"line":10,"column":18},"end":{"line":10,"column":19}},"loc":{"start":{"line":10,"column":46},"end":{"line":17,"column":1}},"line":10},"2":{"name":"(anonymous_2)","decl":{"start":{"line":14,"column":34},"end":{"line":14,"column":35}},"loc":{"start":{"line":14,"column":40},"end":{"line":14,"column":49}},"line":14},"3":{"name":"(anonymous_3)","decl":{"start":{"line":18,"column":19},"end":{"line":18,"column":20}},"loc":{"start":{"line":18,"column":28},"end":{"line":18,"column":90}},"line":18},"4":{"name":"(anonymous_4)","decl":{"start":{"line":23,"column":22},"end":{"line":23,"column":23}},"loc":{"start":{"line":23,"column":28},"end":{"line":23,"column":46}},"line":23},"5":{"name":"(anonymous_5)","decl":{"start":{"line":24,"column":19},"end":{"line":24,"column":20}},"loc":{"start":{"line":24,"column":25},"end":{"line":24,"column":40}},"line":24},"6":{"name":"(anonymous_6)","decl":{"start":{"line":25,"column":19},"end":{"line":25,"column":20}},"loc":{"start":{"line":25,"column":25},"end":{"line":25,"column":40}},"line":25},"7":{"name":"(anonymous_7)","decl":{"start":{"line":26,"column":26},"end":{"line":26,"column":27}},"loc":{"start":{"line":26,"column":32},"end":{"line":26,"column":null}},"line":26},"8":{"name":"compileMathExpr","decl":{"start":{"line":39,"column":9},"end":{"line":39,"column":24}},"loc":{"start":{"line":39,"column":30},"end":{"line":97,"column":null}},"line":39},"9":{"name":"(anonymous_9)","decl":{"start":{"line":87,"column":8},"end":{"line":87,"column":9}},"loc":{"start":{"line":87,"column":15},"end":{"line":95,"column":null}},"line":87},"10":{"name":"validateMathExprSyntax","decl":{"start":{"line":98,"column":9},"end":{"line":98,"column":31}},"loc":{"start":{"line":98,"column":37},"end":{"line":102,"column":null}},"line":98},"11":{"name":"formatExprLabel","decl":{"start":{"line":103,"column":9},"end":{"line":103,"column":24}},"loc":{"start":{"line":103,"column":30},"end":{"line":108,"column":null}},"line":103}},"branchMap":{"0":{"loc":{"start":{"line":11,"column":2},"end":{"line":15,"column":null}},"type":"if","locations":[{"start":{"line":11,"column":2},"end":{"line":15,"column":null}},{"start":{},"end":{}}],"line":11},"1":{"loc":{"start":{"line":11,"column":6},"end":{"line":11,"column":68}},"type":"binary-expr","locations":[{"start":{"line":11,"column":6},"end":{"line":11,"column":10}},{"start":{"line":11,"column":14},"end":{"line":11,"column":38}},{"start":{"line":11,"column":42},"end":{"line":11,"column":68}}],"line":11},"2":{"loc":{"start":{"line":13,"column":6},"end":{"line":14,"column":null}},"type":"if","locations":[{"start":{"line":13,"column":6},"end":{"line":14,"column":null}},{"start":{},"end":{}}],"line":13},"3":{"loc":{"start":{"line":13,"column":10},"end":{"line":13,"column":55}},"type":"binary-expr","locations":[{"start":{"line":13,"column":10},"end":{"line":13,"column":37}},{"start":{"line":13,"column":41},"end":{"line":13,"column":55}}],"line":13},"4":{"loc":{"start":{"line":14,"column":63},"end":{"line":14,"column":119}},"type":"binary-expr","locations":[{"start":{"line":14,"column":63},"end":{"line":14,"column":100}},{"start":{"line":14,"column":104},"end":{"line":14,"column":119}}],"line":14},"5":{"loc":{"start":{"line":40,"column":17},"end":{"line":40,"column":26}},"type":"binary-expr","locations":[{"start":{"line":40,"column":17},"end":{"line":40,"column":20}},{"start":{"line":40,"column":24},"end":{"line":40,"column":26}}],"line":40},"6":{"loc":{"start":{"line":41,"column":2},"end":{"line":41,"column":null}},"type":"if","locations":[{"start":{"line":41,"column":2},"end":{"line":41,"column":null}},{"start":{},"end":{}}],"line":41},"7":{"loc":{"start":{"line":57,"column":2},"end":{"line":59,"column":null}},"type":"if","locations":[{"start":{"line":57,"column":2},"end":{"line":59,"column":null}},{"start":{},"end":{}}],"line":57},"8":{"loc":{"start":{"line":90,"column":8},"end":{"line":90,"column":null}},"type":"if","locations":[{"start":{"line":90,"column":8},"end":{"line":90,"column":null}},{"start":{},"end":{}}],"line":90},"9":{"loc":{"start":{"line":90,"column":12},"end":{"line":90,"column":56}},"type":"binary-expr","locations":[{"start":{"line":90,"column":12},"end":{"line":90,"column":33}},{"start":{"line":90,"column":37},"end":{"line":90,"column":56}}],"line":90},"10":{"loc":{"start":{"line":100,"column":2},"end":{"line":100,"column":null}},"type":"if","locations":[{"start":{"line":100,"column":2},"end":{"line":100,"column":null}},{"start":{},"end":{}}],"line":100},"11":{"loc":{"start":{"line":104,"column":19},"end":{"line":104,"column":28}},"type":"binary-expr","locations":[{"start":{"line":104,"column":19},"end":{"line":104,"column":22}},{"start":{"line":104,"column":26},"end":{"line":104,"column":28}}],"line":104},"12":{"loc":{"start":{"line":105,"column":2},"end":{"line":105,"column":null}},"type":"if","locations":[{"start":{"line":105,"column":2},"end":{"line":105,"column":null}},{"start":{},"end":{}}],"line":105},"13":{"loc":{"start":{"line":106,"column":2},"end":{"line":106,"column":null}},"type":"if","locations":[{"start":{"line":106,"column":2},"end":{"line":106,"column":null}},{"start":{},"end":{}}],"line":106},"14":{"loc":{"start":{"line":110,"column":0},"end":{"line":115,"column":2}},"type":"binary-expr","locations":[{"start":{"line":110,"column":0},"end":{"line":110,"column":1}},{"start":{"line":110,"column":6},"end":{"line":115,"column":1}}],"line":110}},"s":{"0":1,"1":1,"2":1,"3":1,"4":1,"5":1,"6":4,"7":1,"8":1,"9":1,"10":4,"11":4,"12":2,"13":1,"14":1,"15":1,"16":1,"17":1,"18":0,"19":1,"20":0,"21":1,"22":1,"23":1,"24":2,"25":2,"26":0,"27":2,"28":2,"29":2,"30":2,"31":2,"32":2,"33":2,"34":2,"35":2,"36":2,"37":2,"38":16,"39":2,"40":2,"41":2,"42":0,"43":2,"44":2,"45":2,"46":2,"47":2,"48":2,"49":2,"50":2,"51":2,"52":2,"53":2,"54":2,"55":2,"56":2,"57":0,"58":2,"59":2,"60":2,"61":0,"62":2,"63":1,"64":1,"65":1,"66":0,"67":1,"68":0,"69":1,"70":1,"71":0,"72":1,"73":0,"74":0,"75":0,"76":0,"77":0,"78":0,"79":0},"f":{"0":1,"1":1,"2":2,"3":1,"4":0,"5":1,"6":0,"7":1,"8":2,"9":1,"10":1,"11":0},"b":{"0":[1,0],"1":[1,1,0],"2":[4,0],"3":[4,4],"4":[4,4],"5":[2,0],"6":[0,2],"7":[0,2],"8":[0,1],"9":[1,1],"10":[0,1],"11":[0,0],"12":[0,0],"13":[0,0],"14":[0,0]},"meta":{"lastBranch":15,"lastFunction":12,"lastStatement":80,"seen":{"s:2:16:2:37":0,"s:3:23:3:54":1,"s:4:24:4:50":2,"s:5:19:5:50":3,"s:6:15:9:1":4,"f:6:15:6:16":0,"s:7:2:8:Infinity":5,"s:8:4:8:Infinity":6,"s:10:18:17:1":7,"f:10:18:10:19":1,"b:11:2:15:Infinity:undefined:undefined:undefined:undefined":0,"s:11:2:15:Infinity":8,"b:11:6:11:10:11:14:11:38:11:42:11:68":1,"s:12:4:14:Infinity":9,"b:13:6:14:Infinity:undefined:undefined:undefined:undefined":2,"s:13:6:14:Infinity":10,"b:13:10:13:37:13:41:13:55":3,"s:14:8:14:Infinity":11,"f:14:34:14:35":2,"s:14:40:14:49":12,"b:14:63:14:100:14:104:14:119":4,"s:16:2:16:Infinity":13,"s:18:19:18:90":14,"f:18:19:18:20":3,"s:18:28:18:90":15,"s:21:20:21:22":16,"s:22:0:27:Infinity":17,"f:23:22:23:23":4,"s:23:28:23:46":18,"f:24:19:24:20":5,"s:24:25:24:40":19,"f:25:19:25:20":6,"s:25:25:25:40":20,"f:26:26:26:27":7,"s:26:32:26:Infinity":21,"s:28:0:28:Infinity":22,"s:29:25:38:2":23,"f:39:9:39:24":8,"s:40:10:40:34":24,"b:40:17:40:20:40:24:40:26":5,"b:41:2:41:Infinity:undefined:undefined:undefined:undefined":6,"s:41:2:41:Infinity":25,"s:41:10:41:Infinity":26,"s:42:14:42:43":27,"s:43:2:43:Infinity":28,"s:44:2:44:Infinity":29,"s:45:2:45:Infinity":30,"s:46:2:46:Infinity":31,"s:47:2:47:Infinity":32,"s:48:2:48:Infinity":33,"s:49:2:49:Infinity":34,"s:50:2:50:Infinity":35,"s:51:14:51:29":36,"s:52:2:54:Infinity":37,"s:53:4:53:Infinity":38,"s:55:2:55:Infinity":39,"s:56:2:56:Infinity":40,"b:57:2:59:Infinity:undefined:undefined:undefined:undefined":7,"s:57:2:59:Infinity":41,"s:58:4:58:Infinity":42,"s:60:13:60:14":43,"s:61:2:61:Infinity":44,"s:62:2:62:Infinity":45,"s:63:2:63:Infinity":46,"s:64:2:64:Infinity":47,"s:65:2:65:Infinity":48,"s:66:2:66:Infinity":49,"s:67:2:67:Infinity":50,"s:68:2:68:Infinity":51,"s:69:2:69:Infinity":52,"s:70:2:70:Infinity":53,"s:71:2:71:Infinity":54,"s:73:2:77:Infinity":55,"s:74:4:74:Infinity":56,"s:76:4:76:Infinity":57,"s:78:2:83:Infinity":58,"s:79:4:79:Infinity":59,"s:80:4:80:Infinity":60,"s:82:4:82:Infinity":61,"s:84:2:96:Infinity":62,"f:87:8:87:9":9,"s:88:6:94:Infinity":63,"s:89:18:89:29":64,"b:90:8:90:Infinity:undefined:undefined:undefined:undefined":8,"s:90:8:90:Infinity":65,"b:90:12:90:33:90:37:90:56":9,"s:90:58:90:Infinity":66,"s:91:8:91:Infinity":67,"s:93:8:93:Infinity":68,"f:98:9:98:31":10,"s:99:12:99:32":69,"b:100:2:100:Infinity:undefined:undefined:undefined:undefined":10,"s:100:2:100:Infinity":70,"s:100:13:100:Infinity":71,"s:101:2:101:Infinity":72,"f:103:9:103:24":11,"s:104:12:104:36":73,"b:104:19:104:22:104:26:104:28":11,"b:105:2:105:Infinity:undefined:undefined:undefined:undefined":12,"s:105:2:105:Infinity":74,"s:105:10:105:Infinity":75,"b:106:2:106:Infinity:undefined:undefined:undefined:undefined":13,"s:106:2:106:Infinity":76,"s:106:27:106:Infinity":77,"s:107:2:107:Infinity":78,"s:110:0:115:Infinity":79,"b:110:0:110:1:110:6:115:1":14},"fnNames":{}}}
,"/Users/qin/Desktop/小黄的教室/packages/math-expr/src/index.ts": {"path":"/Users/qin/Desktop/小黄的教室/packages/math-expr/src/index.ts","statementMap":{"0":{"start":{"line":6,"column":53},"end":{"line":15,"column":null}},"1":{"start":{"line":25,"column":10},"end":{"line":25,"column":null}},"2":{"start":{"line":26,"column":2},"end":{"line":26,"column":null}},"3":{"start":{"line":26,"column":10},"end":{"line":26,"column":null}},"4":{"start":{"line":27,"column":14},"end":{"line":27,"column":null}},"5":{"start":{"line":28,"column":2},"end":{"line":28,"column":null}},"6":{"start":{"line":29,"column":2},"end":{"line":29,"column":null}},"7":{"start":{"line":30,"column":2},"end":{"line":30,"column":null}},"8":{"start":{"line":31,"column":2},"end":{"line":31,"column":null}},"9":{"start":{"line":33,"column":2},"end":{"line":33,"column":null}},"10":{"start":{"line":34,"column":2},"end":{"line":34,"column":null}},"11":{"start":{"line":35,"column":2},"end":{"line":35,"column":null}},"12":{"start":{"line":36,"column":2},"end":{"line":36,"column":null}},"13":{"start":{"line":38,"column":14},"end":{"line":38,"column":null}},"14":{"start":{"line":39,"column":2},"end":{"line":41,"column":null}},"15":{"start":{"line":40,"column":4},"end":{"line":40,"column":null}},"16":{"start":{"line":42,"column":2},"end":{"line":42,"column":null}},"17":{"start":{"line":43,"column":2},"end":{"line":43,"column":null}},"18":{"start":{"line":44,"column":2},"end":{"line":46,"column":null}},"19":{"start":{"line":45,"column":4},"end":{"line":45,"column":null}},"20":{"start":{"line":48,"column":13},"end":{"line":48,"column":null}},"21":{"start":{"line":49,"column":2},"end":{"line":49,"column":null}},"22":{"start":{"line":50,"column":2},"end":{"line":50,"column":null}},"23":{"start":{"line":51,"column":2},"end":{"line":51,"column":null}},"24":{"start":{"line":52,"column":2},"end":{"line":52,"column":null}},"25":{"start":{"line":53,"column":2},"end":{"line":53,"column":null}},"26":{"start":{"line":54,"column":2},"end":{"line":54,"column":null}},"27":{"start":{"line":55,"column":2},"end":{"line":55,"column":null}},"28":{"start":{"line":56,"column":2},"end":{"line":56,"column":null}},"29":{"start":{"line":57,"column":2},"end":{"line":57,"column":null}},"30":{"start":{"line":58,"column":2},"end":{"line":58,"column":null}},"31":{"start":{"line":59,"column":2},"end":{"line":59,"column":null}},"32":{"start":{"line":62,"column":2},"end":{"line":66,"column":null}},"33":{"start":{"line":63,"column":4},"end":{"line":63,"column":null}},"34":{"start":{"line":65,"column":4},"end":{"line":65,"column":null}},"35":{"start":{"line":68,"column":2},"end":{"line":73,"column":null}},"36":{"start":{"line":69,"column":4},"end":{"line":69,"column":null}},"37":{"start":{"line":70,"column":4},"end":{"line":70,"column":null}},"38":{"start":{"line":72,"column":4},"end":{"line":72,"column":null}},"39":{"start":{"line":75,"column":2},"end":{"line":87,"column":null}},"40":{"start":{"line":79,"column":6},"end":{"line":85,"column":null}},"41":{"start":{"line":80,"column":18},"end":{"line":80,"column":null}},"42":{"start":{"line":81,"column":8},"end":{"line":81,"column":null}},"43":{"start":{"line":81,"column":58},"end":{"line":81,"column":null}},"44":{"start":{"line":82,"column":8},"end":{"line":82,"column":null}},"45":{"start":{"line":84,"column":8},"end":{"line":84,"column":null}},"46":{"start":{"line":96,"column":12},"end":{"line":96,"column":null}},"47":{"start":{"line":97,"column":2},"end":{"line":97,"column":null}},"48":{"start":{"line":97,"column":13},"end":{"line":97,"column":null}},"49":{"start":{"line":98,"column":2},"end":{"line":98,"column":null}},"50":{"start":{"line":102,"column":12},"end":{"line":102,"column":null}},"51":{"start":{"line":103,"column":2},"end":{"line":103,"column":null}},"52":{"start":{"line":103,"column":10},"end":{"line":103,"column":null}},"53":{"start":{"line":104,"column":2},"end":{"line":104,"column":null}},"54":{"start":{"line":104,"column":27},"end":{"line":104,"column":null}},"55":{"start":{"line":105,"column":2},"end":{"line":105,"column":null}}},"fnMap":{"0":{"name":"compileMathExpr","decl":{"start":{"line":24,"column":16},"end":{"line":24,"column":32}},"loc":{"start":{"line":24,"column":62},"end":{"line":88,"column":null}},"line":24},"1":{"name":"(anonymous_1)","decl":{"start":{"line":78,"column":8},"end":{"line":78,"column":9}},"loc":{"start":{"line":78,"column":15},"end":{"line":86,"column":null}},"line":78},"2":{"name":"validateMathExprSyntax","decl":{"start":{"line":93,"column":16},"end":{"line":93,"column":39}},"loc":{"start":{"line":95,"column":33},"end":{"line":99,"column":null}},"line":95},"3":{"name":"formatExprLabel","decl":{"start":{"line":101,"column":16},"end":{"line":101,"column":32}},"loc":{"start":{"line":101,"column":54},"end":{"line":106,"column":null}},"line":101}},"branchMap":{"0":{"loc":{"start":{"line":25,"column":17},"end":{"line":25,"column":26}},"type":"binary-expr","locations":[{"start":{"line":25,"column":17},"end":{"line":25,"column":24}},{"start":{"line":25,"column":24},"end":{"line":25,"column":26}}],"line":25},"1":{"loc":{"start":{"line":26,"column":2},"end":{"line":26,"column":null}},"type":"if","locations":[{"start":{"line":26,"column":2},"end":{"line":26,"column":null}},{"start":{},"end":{}}],"line":26},"2":{"loc":{"start":{"line":44,"column":2},"end":{"line":46,"column":null}},"type":"if","locations":[{"start":{"line":44,"column":2},"end":{"line":46,"column":null}},{"start":{},"end":{}}],"line":44},"3":{"loc":{"start":{"line":81,"column":8},"end":{"line":81,"column":null}},"type":"if","locations":[{"start":{"line":81,"column":8},"end":{"line":81,"column":null}},{"start":{},"end":{}}],"line":81},"4":{"loc":{"start":{"line":81,"column":12},"end":{"line":81,"column":58}},"type":"binary-expr","locations":[{"start":{"line":81,"column":12},"end":{"line":81,"column":37}},{"start":{"line":81,"column":37},"end":{"line":81,"column":58}}],"line":81},"5":{"loc":{"start":{"line":97,"column":2},"end":{"line":97,"column":null}},"type":"if","locations":[{"start":{"line":97,"column":2},"end":{"line":97,"column":null}},{"start":{},"end":{}}],"line":97},"6":{"loc":{"start":{"line":102,"column":19},"end":{"line":102,"column":28}},"type":"binary-expr","locations":[{"start":{"line":102,"column":19},"end":{"line":102,"column":26}},{"start":{"line":102,"column":26},"end":{"line":102,"column":28}}],"line":102},"7":{"loc":{"start":{"line":103,"column":2},"end":{"line":103,"column":null}},"type":"if","locations":[{"start":{"line":103,"column":2},"end":{"line":103,"column":null}},{"start":{},"end":{}}],"line":103},"8":{"loc":{"start":{"line":104,"column":2},"end":{"line":104,"column":null}},"type":"if","locations":[{"start":{"line":104,"column":2},"end":{"line":104,"column":null}},{"start":{},"end":{}}],"line":104}},"s":{"0":1,"1":9,"2":9,"3":0,"4":9,"5":9,"6":9,"7":9,"8":9,"9":9,"10":9,"11":9,"12":9,"13":9,"14":9,"15":72,"16":9,"17":9,"18":9,"19":3,"20":6,"21":6,"22":6,"23":6,"24":6,"25":6,"26":6,"27":6,"28":6,"29":6,"30":6,"31":6,"32":6,"33":6,"34":0,"35":6,"36":6,"37":6,"38":0,"39":6,"40":5,"41":5,"42":5,"43":0,"44":5,"45":0,"46":2,"47":2,"48":1,"49":1,"50":3,"51":3,"52":1,"53":2,"54":1,"55":1},"f":{"0":9,"1":5,"2":2,"3":3},"b":{"0":[9,0],"1":[0,9],"2":[3,6],"3":[0,5],"4":[5,5],"5":[1,1],"6":[3,0],"7":[1,2],"8":[1,1]},"meta":{"lastBranch":9,"lastFunction":4,"lastStatement":56,"seen":{"s:6:53:15:Infinity":0,"f:24:16:24:32":0,"s:25:10:25:Infinity":1,"b:25:17:25:24:25:24:25:26":0,"b:26:2:26:Infinity:undefined:undefined:undefined:undefined":1,"s:26:2:26:Infinity":2,"s:26:10:26:Infinity":3,"s:27:14:27:Infinity":4,"s:28:2:28:Infinity":5,"s:29:2:29:Infinity":6,"s:30:2:30:Infinity":7,"s:31:2:31:Infinity":8,"s:33:2:33:Infinity":9,"s:34:2:34:Infinity":10,"s:35:2:35:Infinity":11,"s:36:2:36:Infinity":12,"s:38:14:38:Infinity":13,"s:39:2:41:Infinity":14,"s:40:4:40:Infinity":15,"s:42:2:42:Infinity":16,"s:43:2:43:Infinity":17,"b:44:2:46:Infinity:undefined:undefined:undefined:undefined":2,"s:44:2:46:Infinity":18,"s:45:4:45:Infinity":19,"s:48:13:48:Infinity":20,"s:49:2:49:Infinity":21,"s:50:2:50:Infinity":22,"s:51:2:51:Infinity":23,"s:52:2:52:Infinity":24,"s:53:2:53:Infinity":25,"s:54:2:54:Infinity":26,"s:55:2:55:Infinity":27,"s:56:2:56:Infinity":28,"s:57:2:57:Infinity":29,"s:58:2:58:Infinity":30,"s:59:2:59:Infinity":31,"s:62:2:66:Infinity":32,"s:63:4:63:Infinity":33,"s:65:4:65:Infinity":34,"s:68:2:73:Infinity":35,"s:69:4:69:Infinity":36,"s:70:4:70:Infinity":37,"s:72:4:72:Infinity":38,"s:75:2:87:Infinity":39,"f:78:8:78:9":1,"s:79:6:85:Infinity":40,"s:80:18:80:Infinity":41,"b:81:8:81:Infinity:undefined:undefined:undefined:undefined":3,"s:81:8:81:Infinity":42,"b:81:12:81:37:81:37:81:58":4,"s:81:58:81:Infinity":43,"s:82:8:82:Infinity":44,"s:84:8:84:Infinity":45,"f:93:16:93:39":2,"s:96:12:96:Infinity":46,"b:97:2:97:Infinity:undefined:undefined:undefined:undefined":5,"s:97:2:97:Infinity":47,"s:97:13:97:Infinity":48,"s:98:2:98:Infinity":49,"f:101:16:101:32":3,"s:102:12:102:Infinity":50,"b:102:19:102:26:102:26:102:28":6,"b:103:2:103:Infinity:undefined:undefined:undefined:undefined":7,"s:103:2:103:Infinity":51,"s:103:10:103:Infinity":52,"b:104:2:104:Infinity:undefined:undefined:undefined:undefined":8,"s:104:2:104:Infinity":53,"s:104:27:104:Infinity":54,"s:105:2:105:Infinity":55},"fnNames":{}}}
}
