{"/Users/qin/Desktop/小黄的教室/packages/test-kit/src/fake-clock.ts": {"path":"/Users/qin/Desktop/小黄的教室/packages/test-kit/src/fake-clock.ts","statementMap":{"0":{"start":{"line":9,"column":16},"end":{"line":9,"column":null}},"1":{"start":{"line":10,"column":2},"end":{"line":18,"column":null}},"2":{"start":{"line":11,"column":15},"end":{"line":11,"column":null}},"3":{"start":{"line":13,"column":6},"end":{"line":13,"column":null}},"4":{"start":{"line":16,"column":6},"end":{"line":16,"column":null}}},"fnMap":{"0":{"name":"createFakeClock","decl":{"start":{"line":8,"column":16},"end":{"line":8,"column":32}},"loc":{"start":{"line":8,"column":56},"end":{"line":19,"column":null}},"line":8},"1":{"name":"(anonymous_1)","decl":{"start":{"line":11,"column":9},"end":{"line":11,"column":15}},"loc":{"start":{"line":11,"column":15},"end":{"line":11,"column":null}},"line":11},"2":{"name":"(anonymous_2)","decl":{"start":{"line":12,"column":13},"end":{"line":12,"column":14}},"loc":{"start":{"line":12,"column":21},"end":{"line":14,"column":null}},"line":12},"3":{"name":"(anonymous_3)","decl":{"start":{"line":15,"column":9},"end":{"line":15,"column":10}},"loc":{"start":{"line":15,"column":17},"end":{"line":17,"column":null}},"line":15}},"branchMap":{"0":{"loc":{"start":{"line":8,"column":32},"end":{"line":8,"column":56}},"type":"default-arg","locations":[{"start":{"line":8,"column":42},"end":{"line":8,"column":56}}],"line":8}},"s":{"0":1,"1":1,"2":3,"3":1,"4":1},"f":{"0":1,"1":3,"2":1,"3":1},"b":{"0":[1]},"meta":{"lastBranch":1,"lastFunction":4,"lastStatement":5,"seen":{"f:8:16:8:32":0,"b:8:42:8:56":0,"s:9:16:9:Infinity":0,"s:10:2:18:Infinity":1,"f:11:9:11:15":1,"s:11:15:11:Infinity":2,"f:12:13:12:14":2,"s:13:6:13:Infinity":3,"f:15:9:15:10":3,"s:16:6:16:Infinity":4},"fnNames":{}}}
,"/Users/qin/Desktop/小黄的教室/packages/test-kit/src/fake-dom.ts": {"path":"/Users/qin/Desktop/小黄的教室/packages/test-kit/src/fake-dom.ts","statementMap":{"0":{"start":{"line":40,"column":26},"end":{"line":117,"column":null}},"1":{"start":{"line":53,"column":6},"end":{"line":53,"column":null}},"2":{"start":{"line":56,"column":6},"end":{"line":56,"column":null}},"3":{"start":{"line":59,"column":6},"end":{"line":61,"column":null}},"4":{"start":{"line":65,"column":6},"end":{"line":65,"column":null}},"5":{"start":{"line":68,"column":6},"end":{"line":68,"column":null}},"6":{"start":{"line":71,"column":6},"end":{"line":71,"column":null}},"7":{"start":{"line":76,"column":8},"end":{"line":76,"column":null}},"8":{"start":{"line":76,"column":31},"end":{"line":76,"column":null}},"9":{"start":{"line":79,"column":8},"end":{"line":79,"column":null}},"10":{"start":{"line":79,"column":31},"end":{"line":79,"column":null}},"11":{"start":{"line":82,"column":8},"end":{"line":89,"column":null}},"12":{"start":{"line":83,"column":10},"end":{"line":86,"column":null}},"13":{"start":{"line":84,"column":12},"end":{"line":84,"column":null}},"14":{"start":{"line":85,"column":12},"end":{"line":85,"column":null}},"15":{"start":{"line":87,"column":10},"end":{"line":87,"column":null}},"16":{"start":{"line":88,"column":10},"end":{"line":88,"column":null}},"17":{"start":{"line":90,"column":8},"end":{"line":91,"column":null}},"18":{"start":{"line":90,"column":19},"end":{"line":90,"column":null}},"19":{"start":{"line":91,"column":13},"end":{"line":91,"column":null}},"20":{"start":{"line":92,"column":8},"end":{"line":92,"column":null}},"21":{"start":{"line":95,"column":8},"end":{"line":95,"column":null}},"22":{"start":{"line":101,"column":8},"end":{"line":101,"column":null}},"23":{"start":{"line":106,"column":6},"end":{"line":106,"column":null}},"24":{"start":{"line":109,"column":6},"end":{"line":109,"column":null}},"25":{"start":{"line":109,"column":68},"end":{"line":109,"column":76}},"26":{"start":{"line":112,"column":6},"end":{"line":112,"column":null}},"27":{"start":{"line":112,"column":49},"end":{"line":112,"column":null}},"28":{"start":{"line":115,"column":6},"end":{"line":115,"column":null}},"29":{"start":{"line":118,"column":18},"end":{"line":118,"column":null}},"30":{"start":{"line":119,"column":2},"end":{"line":132,"column":null}},"31":{"start":{"line":121,"column":19},"end":{"line":125,"column":null}},"32":{"start":{"line":123,"column":10},"end":{"line":123,"column":null}},"33":{"start":{"line":126,"column":6},"end":{"line":126,"column":null}},"34":{"start":{"line":129,"column":6},"end":{"line":129,"column":null}},"35":{"start":{"line":130,"column":6},"end":{"line":130,"column":null}},"36":{"start":{"line":133,"column":2},"end":{"line":140,"column":null}},"37":{"start":{"line":135,"column":6},"end":{"line":135,"column":null}},"38":{"start":{"line":138,"column":6},"end":{"line":138,"column":null}},"39":{"start":{"line":141,"column":2},"end":{"line":141,"column":null}},"40":{"start":{"line":153,"column":19},"end":{"line":153,"column":null}},"41":{"start":{"line":154,"column":2},"end":{"line":174,"column":null}},"42":{"start":{"line":157,"column":6},"end":{"line":157,"column":null}},"43":{"start":{"line":160,"column":17},"end":{"line":160,"column":null}},"44":{"start":{"line":161,"column":6},"end":{"line":161,"column":null}},"45":{"start":{"line":162,"column":6},"end":{"line":162,"column":null}},"46":{"start":{"line":165,"column":6},"end":{"line":165,"column":null}},"47":{"start":{"line":168,"column":14},"end":{"line":168,"column":null}},"48":{"start":{"line":169,"column":6},"end":{"line":171,"column":null}},"49":{"start":{"line":170,"column":8},"end":{"line":170,"column":null}},"50":{"start":{"line":170,"column":56},"end":{"line":170,"column":null}},"51":{"start":{"line":172,"column":6},"end":{"line":172,"column":null}}},"fnMap":{"0":{"name":"makeFakeElement","decl":{"start":{"line":39,"column":16},"end":{"line":39,"column":32}},"loc":{"start":{"line":39,"column":57},"end":{"line":142,"column":null}},"line":39},"1":{"name":"setAttribute","decl":{"start":{"line":52,"column":4},"end":{"line":52,"column":17}},"loc":{"start":{"line":52,"column":30},"end":{"line":54,"column":null}},"line":52},"2":{"name":"removeAttribute","decl":{"start":{"line":55,"column":4},"end":{"line":55,"column":20}},"loc":{"start":{"line":55,"column":26},"end":{"line":57,"column":null}},"line":55},"3":{"name":"getAttribute","decl":{"start":{"line":58,"column":4},"end":{"line":58,"column":17}},"loc":{"start":{"line":58,"column":23},"end":{"line":62,"column":null}},"line":58},"4":{"name":"remove","decl":{"start":{"line":63,"column":4},"end":{"line":63,"column":13}},"loc":{"start":{"line":63,"column":13},"end":{"line":63,"column":null}},"line":63},"5":{"name":"appendChild","decl":{"start":{"line":64,"column":4},"end":{"line":64,"column":16}},"loc":{"start":{"line":64,"column":23},"end":{"line":66,"column":null}},"line":64},"6":{"name":"append","decl":{"start":{"line":67,"column":4},"end":{"line":67,"column":14}},"loc":{"start":{"line":67,"column":24},"end":{"line":69,"column":null}},"line":67},"7":{"name":"replaceChildren","decl":{"start":{"line":70,"column":4},"end":{"line":70,"column":23}},"loc":{"start":{"line":70,"column":33},"end":{"line":72,"column":null}},"line":70},"8":{"name":"add","decl":{"start":{"line":75,"column":6},"end":{"line":75,"column":13}},"loc":{"start":{"line":75,"column":20},"end":{"line":77,"column":null}},"line":75},"9":{"name":"remove_2","decl":{"start":{"line":78,"column":6},"end":{"line":78,"column":16}},"loc":{"start":{"line":78,"column":23},"end":{"line":80,"column":null}},"line":78},"10":{"name":"toggle","decl":{"start":{"line":81,"column":6},"end":{"line":81,"column":13}},"loc":{"start":{"line":81,"column":26},"end":{"line":93,"column":null}},"line":81},"11":{"name":"contains","decl":{"start":{"line":94,"column":6},"end":{"line":94,"column":15}},"loc":{"start":{"line":94,"column":21},"end":{"line":96,"column":null}},"line":94},"12":{"name":"setProperty","decl":{"start":{"line":100,"column":6},"end":{"line":100,"column":18}},"loc":{"start":{"line":100,"column":24},"end":{"line":102,"column":null}},"line":100},"13":{"name":"addEventListener","decl":{"start":{"line":105,"column":4},"end":{"line":105,"column":21}},"loc":{"start":{"line":105,"column":31},"end":{"line":107,"column":null}},"line":105},"14":{"name":"removeEventListener","decl":{"start":{"line":108,"column":4},"end":{"line":108,"column":24}},"loc":{"start":{"line":108,"column":34},"end":{"line":110,"column":null}},"line":108},"15":{"name":"(anonymous_15)","decl":{"start":{"line":109,"column":61},"end":{"line":109,"column":62}},"loc":{"start":{"line":109,"column":68},"end":{"line":109,"column":76}},"line":109},"16":{"name":"click","decl":{"start":{"line":111,"column":4},"end":{"line":111,"column":12}},"loc":{"start":{"line":111,"column":12},"end":{"line":113,"column":null}},"line":111},"17":{"name":"preventDefault","decl":{"start":{"line":112,"column":54},"end":{"line":112,"column":71}},"loc":{"start":{"line":112,"column":71},"end":{"line":112,"column":74}},"line":112},"18":{"name":"listenersOf","decl":{"start":{"line":114,"column":4},"end":{"line":114,"column":16}},"loc":{"start":{"line":114,"column":22},"end":{"line":116,"column":null}},"line":114},"19":{"name":"get","decl":{"start":{"line":120,"column":4},"end":{"line":120,"column":10}},"loc":{"start":{"line":120,"column":10},"end":{"line":127,"column":null}},"line":120},"20":{"name":"(anonymous_20)","decl":{"start":{"line":122,"column":13},"end":{"line":122,"column":14}},"loc":{"start":{"line":123,"column":10},"end":{"line":123,"column":null}},"line":123},"21":{"name":"set","decl":{"start":{"line":128,"column":4},"end":{"line":128,"column":8}},"loc":{"start":{"line":128,"column":23},"end":{"line":131,"column":null}},"line":128},"22":{"name":"get_2","decl":{"start":{"line":134,"column":4},"end":{"line":134,"column":10}},"loc":{"start":{"line":134,"column":10},"end":{"line":136,"column":null}},"line":134},"23":{"name":"set_2","decl":{"start":{"line":137,"column":4},"end":{"line":137,"column":8}},"loc":{"start":{"line":137,"column":23},"end":{"line":139,"column":null}},"line":137},"24":{"name":"createFakeDocument","decl":{"start":{"line":152,"column":16},"end":{"line":152,"column":51}},"loc":{"start":{"line":152,"column":51},"end":{"line":175,"column":null}},"line":152},"25":{"name":"getElementById","decl":{"start":{"line":156,"column":4},"end":{"line":156,"column":19}},"loc":{"start":{"line":156,"column":23},"end":{"line":158,"column":null}},"line":156},"26":{"name":"register","decl":{"start":{"line":159,"column":4},"end":{"line":159,"column":13}},"loc":{"start":{"line":159,"column":17},"end":{"line":163,"column":null}},"line":159},"27":{"name":"createElement","decl":{"start":{"line":164,"column":4},"end":{"line":164,"column":18}},"loc":{"start":{"line":164,"column":23},"end":{"line":166,"column":null}},"line":164},"28":{"name":"totalListeners","decl":{"start":{"line":167,"column":4},"end":{"line":167,"column":21}},"loc":{"start":{"line":167,"column":21},"end":{"line":173,"column":null}},"line":167}},"branchMap":{"0":{"loc":{"start":{"line":59,"column":13},"end":{"line":61,"column":null}},"type":"cond-expr","locations":[{"start":{"line":60,"column":11},"end":{"line":60,"column":null}},{"start":{"line":61,"column":10},"end":{"line":61,"column":null}}],"line":59},"1":{"loc":{"start":{"line":60,"column":11},"end":{"line":60,"column":null}},"type":"binary-expr","locations":[{"start":{"line":60,"column":11},"end":{"line":60,"column":34}},{"start":{"line":60,"column":34},"end":{"line":60,"column":null}}],"line":60},"2":{"loc":{"start":{"line":82,"column":8},"end":{"line":89,"column":null}},"type":"if","locations":[{"start":{"line":82,"column":8},"end":{"line":89,"column":null}},{"start":{},"end":{}}],"line":82},"3":{"loc":{"start":{"line":83,"column":10},"end":{"line":86,"column":null}},"type":"if","locations":[{"start":{"line":83,"column":10},"end":{"line":86,"column":null}},{"start":{},"end":{}}],"line":83},"4":{"loc":{"start":{"line":90,"column":8},"end":{"line":91,"column":null}},"type":"if","locations":[{"start":{"line":90,"column":8},"end":{"line":91,"column":null}},{"start":{"line":91,"column":13},"end":{"line":91,"column":null}}],"line":90},"5":{"loc":{"start":{"line":106,"column":28},"end":{"line":106,"column":54}},"type":"binary-expr","locations":[{"start":{"line":106,"column":28},"end":{"line":106,"column":50}},{"start":{"line":106,"column":50},"end":{"line":106,"column":54}}],"line":106},"6":{"loc":{"start":{"line":109,"column":28},"end":{"line":109,"column":54}},"type":"binary-expr","locations":[{"start":{"line":109,"column":28},"end":{"line":109,"column":50}},{"start":{"line":109,"column":50},"end":{"line":109,"column":54}}],"line":109},"7":{"loc":{"start":{"line":112,"column":23},"end":{"line":112,"column":49}},"type":"binary-expr","locations":[{"start":{"line":112,"column":23},"end":{"line":112,"column":45}},{"start":{"line":112,"column":45},"end":{"line":112,"column":49}}],"line":112},"8":{"loc":{"start":{"line":115,"column":14},"end":{"line":115,"column":40}},"type":"binary-expr","locations":[{"start":{"line":115,"column":14},"end":{"line":115,"column":36}},{"start":{"line":115,"column":36},"end":{"line":115,"column":40}}],"line":115},"9":{"loc":{"start":{"line":123,"column":10},"end":{"line":123,"column":null}},"type":"cond-expr","locations":[{"start":{"line":123,"column":34},"end":{"line":123,"column":40}},{"start":{"line":123,"column":40},"end":{"line":123,"column":null}}],"line":123},"10":{"loc":{"start":{"line":123,"column":40},"end":{"line":123,"column":null}},"type":"binary-expr","locations":[{"start":{"line":123,"column":40},"end":{"line":123,"column":86}},{"start":{"line":123,"column":86},"end":{"line":123,"column":null}}],"line":123},"11":{"loc":{"start":{"line":129,"column":25},"end":{"line":129,"column":36}},"type":"binary-expr","locations":[{"start":{"line":129,"column":25},"end":{"line":129,"column":34}},{"start":{"line":129,"column":34},"end":{"line":129,"column":36}}],"line":129},"12":{"loc":{"start":{"line":157,"column":13},"end":{"line":157,"column":null}},"type":"binary-expr","locations":[{"start":{"line":157,"column":13},"end":{"line":157,"column":33}},{"start":{"line":157,"column":33},"end":{"line":157,"column":null}}],"line":157}},"s":{"0":1,"1":0,"2":0,"3":0,"4":0,"5":0,"6":0,"7":0,"8":0,"9":0,"10":0,"11":0,"12":0,"13":0,"14":0,"15":0,"16":0,"17":0,"18":0,"19":0,"20":0,"21":0,"22":0,"23":1,"24":1,"25":1,"26":2,"27":1,"28":0,"29":1,"30":1,"31":0,"32":0,"33":0,"34":0,"35":0,"36":1,"37":0,"38":0,"39":1,"40":1,"41":1,"42":0,"43":1,"44":1,"45":1,"46":0,"47":1,"48":1,"49":1,"50":1,"51":1},"f":{"0":1,"1":0,"2":0,"3":0,"4":0,"5":0,"6":0,"7":0,"8":0,"9":0,"10":0,"11":0,"12":0,"13":1,"14":1,"15":1,"16":2,"17":0,"18":0,"19":0,"20":0,"21":0,"22":0,"23":0,"24":1,"25":0,"26":1,"27":0,"28":1},"b":{"0":[0,0],"1":[0,0],"2":[0,0],"3":[0,0],"4":[0,0],"5":[1,1],"6":[1,0],"7":[2,0],"8":[0,0],"9":[0,0],"10":[0,0],"11":[0,0],"12":[0,0]},"meta":{"lastBranch":13,"lastFunction":29,"lastStatement":52,"seen":{"f:39:16:39:32":0,"s:40:26:117:Infinity":0,"f:52:4:52:17":1,"s:53:6:53:Infinity":1,"f:55:4:55:20":2,"s:56:6:56:Infinity":2,"f:58:4:58:17":3,"s:59:6:61:Infinity":3,"b:60:11:60:Infinity:61:10:61:Infinity":0,"b:60:11:60:34:60:34:60:Infinity":1,"f:63:4:63:13":4,"f:64:4:64:16":5,"s:65:6:65:Infinity":4,"f:67:4:67:14":6,"s:68:6:68:Infinity":5,"f:70:4:70:23":7,"s:71:6:71:Infinity":6,"f:75:6:75:13":8,"s:76:8:76:Infinity":7,"s:76:31:76:Infinity":8,"f:78:6:78:16":9,"s:79:8:79:Infinity":9,"s:79:31:79:Infinity":10,"f:81:6:81:13":10,"b:82:8:89:Infinity:undefined:undefined:undefined:undefined":2,"s:82:8:89:Infinity":11,"b:83:10:86:Infinity:undefined:undefined:undefined:undefined":3,"s:83:10:86:Infinity":12,"s:84:12:84:Infinity":13,"s:85:12:85:Infinity":14,"s:87:10:87:Infinity":15,"s:88:10:88:Infinity":16,"b:90:8:91:Infinity:91:13:91:Infinity":4,"s:90:8:91:Infinity":17,"s:90:19:90:Infinity":18,"s:91:13:91:Infinity":19,"s:92:8:92:Infinity":20,"f:94:6:94:15":11,"s:95:8:95:Infinity":21,"f:100:6:100:18":12,"s:101:8:101:Infinity":22,"f:105:4:105:21":13,"s:106:6:106:Infinity":23,"b:106:28:106:50:106:50:106:54":5,"f:108:4:108:24":14,"s:109:6:109:Infinity":24,"b:109:28:109:50:109:50:109:54":6,"f:109:61:109:62":15,"s:109:68:109:76":25,"f:111:4:111:12":16,"s:112:6:112:Infinity":26,"b:112:23:112:45:112:45:112:49":7,"s:112:49:112:Infinity":27,"f:112:54:112:71":17,"f:114:4:114:16":18,"s:115:6:115:Infinity":28,"b:115:14:115:36:115:36:115:40":8,"s:118:18:118:Infinity":29,"s:119:2:132:Infinity":30,"f:120:4:120:10":19,"s:121:19:125:Infinity":31,"f:122:13:122:14":20,"s:123:10:123:Infinity":32,"b:123:34:123:40:123:40:123:Infinity":9,"b:123:40:123:86:123:86:123:Infinity":10,"s:126:6:126:Infinity":33,"f:128:4:128:8":21,"s:129:6:129:Infinity":34,"b:129:25:129:34:129:34:129:36":11,"s:130:6:130:Infinity":35,"s:133:2:140:Infinity":36,"f:134:4:134:10":22,"s:135:6:135:Infinity":37,"f:137:4:137:8":23,"s:138:6:138:Infinity":38,"s:141:2:141:Infinity":39,"f:152:16:152:51":24,"s:153:19:153:Infinity":40,"s:154:2:174:Infinity":41,"f:156:4:156:19":25,"s:157:6:157:Infinity":42,"b:157:13:157:33:157:33:157:Infinity":12,"f:159:4:159:13":26,"s:160:17:160:Infinity":43,"s:161:6:161:Infinity":44,"s:162:6:162:Infinity":45,"f:164:4:164:18":27,"s:165:6:165:Infinity":46,"f:167:4:167:21":28,"s:168:14:168:Infinity":47,"s:169:6:171:Infinity":48,"s:170:8:170:Infinity":49,"s:170:56:170:Infinity":50,"s:172:6:172:Infinity":51},"fnNames":{}}}
,"/Users/qin/Desktop/小黄的教室/packages/test-kit/src/fake-fetch.ts": {"path":"/Users/qin/Desktop/小黄的教室/packages/test-kit/src/fake-fetch.ts","statementMap":{"0":{"start":{"line":15,"column":71},"end":{"line":15,"column":null}},"1":{"start":{"line":16,"column":35},"end":{"line":16,"column":null}},"2":{"start":{"line":17,"column":2},"end":{"line":39,"column":null}},"3":{"start":{"line":20,"column":8},"end":{"line":20,"column":null}},"4":{"start":{"line":21,"column":6},"end":{"line":21,"column":null}},"5":{"start":{"line":22,"column":20},"end":{"line":22,"column":null}},"6":{"start":{"line":22,"column":39},"end":{"line":22,"column":58}},"7":{"start":{"line":23,"column":6},"end":{"line":27,"column":null}},"8":{"start":{"line":24,"column":8},"end":{"line":27,"column":null}},"9":{"start":{"line":28,"column":6},"end":{"line":28,"column":null}},"10":{"start":{"line":31,"column":6},"end":{"line":31,"column":null}},"11":{"start":{"line":34,"column":6},"end":{"line":34,"column":null}},"12":{"start":{"line":37,"column":6},"end":{"line":37,"column":null}}},"fnMap":{"0":{"name":"createFakeFetch","decl":{"start":{"line":14,"column":16},"end":{"line":14,"column":45}},"loc":{"start":{"line":14,"column":45},"end":{"line":40,"column":null}},"line":14},"1":{"name":"fetch","decl":{"start":{"line":18,"column":10},"end":{"line":18,"column":16}},"loc":{"start":{"line":18,"column":29},"end":{"line":29,"column":null}},"line":18},"2":{"name":"(anonymous_2)","decl":{"start":{"line":22,"column":32},"end":{"line":22,"column":33}},"loc":{"start":{"line":22,"column":39},"end":{"line":22,"column":58}},"line":22},"3":{"name":"respond","decl":{"start":{"line":30,"column":4},"end":{"line":30,"column":12}},"loc":{"start":{"line":30,"column":31},"end":{"line":32,"column":null}},"line":30},"4":{"name":"requests","decl":{"start":{"line":33,"column":4},"end":{"line":33,"column":15}},"loc":{"start":{"line":33,"column":15},"end":{"line":35,"column":null}},"line":33},"5":{"name":"reset","decl":{"start":{"line":36,"column":4},"end":{"line":36,"column":12}},"loc":{"start":{"line":36,"column":12},"end":{"line":38,"column":null}},"line":36}},"branchMap":{"0":{"loc":{"start":{"line":20,"column":8},"end":{"line":20,"column":null}},"type":"cond-expr","locations":[{"start":{"line":20,"column":36},"end":{"line":20,"column":44}},{"start":{"line":20,"column":44},"end":{"line":20,"column":null}}],"line":20},"1":{"loc":{"start":{"line":20,"column":44},"end":{"line":20,"column":null}},"type":"cond-expr","locations":[{"start":{"line":20,"column":67},"end":{"line":20,"column":80}},{"start":{"line":20,"column":80},"end":{"line":20,"column":null}}],"line":20},"2":{"loc":{"start":{"line":23,"column":6},"end":{"line":27,"column":null}},"type":"if","locations":[{"start":{"line":23,"column":6},"end":{"line":27,"column":null}},{"start":{},"end":{}}],"line":23}},"s":{"0":1,"1":1,"2":1,"3":2,"4":2,"5":2,"6":2,"7":2,"8":1,"9":1,"10":1,"11":1,"12":0},"f":{"0":1,"1":2,"2":2,"3":1,"4":1,"5":0},"b":{"0":[2,0],"1":[0,0],"2":[1,1]},"meta":{"lastBranch":3,"lastFunction":6,"lastStatement":13,"seen":{"f:14:16:14:45":0,"s:15:71:15:Infinity":0,"s:16:35:16:Infinity":1,"s:17:2:39:Infinity":2,"f:18:10:18:16":1,"s:20:8:20:Infinity":3,"b:20:36:20:44:20:44:20:Infinity":0,"b:20:67:20:80:20:80:20:Infinity":1,"s:21:6:21:Infinity":4,"s:22:20:22:Infinity":5,"f:22:32:22:33":2,"s:22:39:22:58":6,"b:23:6:27:Infinity:undefined:undefined:undefined:undefined":2,"s:23:6:27:Infinity":7,"s:24:8:27:Infinity":8,"s:28:6:28:Infinity":9,"f:30:4:30:12":3,"s:31:6:31:Infinity":10,"f:33:4:33:15":4,"s:34:6:34:Infinity":11,"f:36:4:36:12":5,"s:37:6:37:Infinity":12},"fnNames":{}}}
,"/Users/qin/Desktop/小黄的教室/packages/test-kit/src/fake-storage.ts": {"path":"/Users/qin/Desktop/小黄的教室/packages/test-kit/src/fake-storage.ts","statementMap":{"0":{"start":{"line":12,"column":37},"end":{"line":12,"column":null}},"1":{"start":{"line":13,"column":2},"end":{"line":32,"column":null}},"2":{"start":{"line":15,"column":6},"end":{"line":15,"column":null}},"3":{"start":{"line":18,"column":6},"end":{"line":18,"column":null}},"4":{"start":{"line":21,"column":6},"end":{"line":21,"column":null}},"5":{"start":{"line":24,"column":6},"end":{"line":24,"column":null}},"6":{"start":{"line":27,"column":6},"end":{"line":27,"column":null}},"7":{"start":{"line":30,"column":6},"end":{"line":30,"column":null}}},"fnMap":{"0":{"name":"createFakeStorage","decl":{"start":{"line":11,"column":16},"end":{"line":11,"column":34}},"loc":{"start":{"line":11,"column":85},"end":{"line":33,"column":null}},"line":11},"1":{"name":"getItem","decl":{"start":{"line":14,"column":4},"end":{"line":14,"column":12}},"loc":{"start":{"line":14,"column":17},"end":{"line":16,"column":null}},"line":14},"2":{"name":"setItem","decl":{"start":{"line":17,"column":4},"end":{"line":17,"column":12}},"loc":{"start":{"line":17,"column":24},"end":{"line":19,"column":null}},"line":17},"3":{"name":"removeItem","decl":{"start":{"line":20,"column":4},"end":{"line":20,"column":15}},"loc":{"start":{"line":20,"column":20},"end":{"line":22,"column":null}},"line":20},"4":{"name":"clear","decl":{"start":{"line":23,"column":4},"end":{"line":23,"column":12}},"loc":{"start":{"line":23,"column":12},"end":{"line":25,"column":null}},"line":23},"5":{"name":"keys","decl":{"start":{"line":26,"column":4},"end":{"line":26,"column":11}},"loc":{"start":{"line":26,"column":11},"end":{"line":28,"column":null}},"line":26},"6":{"name":"snapshot","decl":{"start":{"line":29,"column":4},"end":{"line":29,"column":15}},"loc":{"start":{"line":29,"column":15},"end":{"line":31,"column":null}},"line":29}},"branchMap":{"0":{"loc":{"start":{"line":11,"column":34},"end":{"line":11,"column":85}},"type":"default-arg","locations":[{"start":{"line":11,"column":68},"end":{"line":11,"column":85}}],"line":11},"1":{"loc":{"start":{"line":15,"column":13},"end":{"line":15,"column":null}},"type":"cond-expr","locations":[{"start":{"line":15,"column":64},"end":{"line":15,"column":85}},{"start":{"line":15,"column":85},"end":{"line":15,"column":null}}],"line":15},"2":{"loc":{"start":{"line":15,"column":64},"end":{"line":15,"column":85}},"type":"binary-expr","locations":[{"start":{"line":15,"column":64},"end":{"line":15,"column":77}},{"start":{"line":15,"column":77},"end":{"line":15,"column":85}}],"line":15}},"s":{"0":1,"1":1,"2":1,"3":1,"4":1,"5":1,"6":2,"7":1},"f":{"0":1,"1":1,"2":1,"3":1,"4":1,"5":2,"6":1},"b":{"0":[1],"1":[1,0],"2":[1,0]},"meta":{"lastBranch":3,"lastFunction":7,"lastStatement":8,"seen":{"f:11:16:11:34":0,"b:11:68:11:85":0,"s:12:37:12:Infinity":0,"s:13:2:32:Infinity":1,"f:14:4:14:12":1,"s:15:6:15:Infinity":2,"b:15:64:15:85:15:85:15:Infinity":1,"b:15:64:15:77:15:77:15:85":2,"f:17:4:17:12":2,"s:18:6:18:Infinity":3,"f:20:4:20:15":3,"s:21:6:21:Infinity":4,"f:23:4:23:12":4,"s:24:6:24:Infinity":5,"f:26:4:26:11":5,"s:27:6:27:Infinity":6,"f:29:4:29:15":6,"s:30:6:30:Infinity":7},"fnNames":{}}}
,"/Users/qin/Desktop/小黄的教室/packages/test-kit/src/fake-timer-raf.ts": {"path":"/Users/qin/Desktop/小黄的教室/packages/test-kit/src/fake-timer-raf.ts","statementMap":{"0":{"start":{"line":31,"column":36},"end":{"line":31,"column":null}},"1":{"start":{"line":32,"column":32},"end":{"line":32,"column":null}},"2":{"start":{"line":33,"column":17},"end":{"line":33,"column":null}},"3":{"start":{"line":34,"column":15},"end":{"line":34,"column":null}},"4":{"start":{"line":36,"column":2},"end":{"line":74,"column":null}},"5":{"start":{"line":40,"column":17},"end":{"line":40,"column":null}},"6":{"start":{"line":41,"column":6},"end":{"line":41,"column":null}},"7":{"start":{"line":42,"column":6},"end":{"line":42,"column":null}},"8":{"start":{"line":45,"column":18},"end":{"line":45,"column":null}},"9":{"start":{"line":45,"column":42},"end":{"line":45,"column":53}},"10":{"start":{"line":46,"column":6},"end":{"line":46,"column":null}},"11":{"start":{"line":46,"column":20},"end":{"line":46,"column":null}},"12":{"start":{"line":49,"column":17},"end":{"line":49,"column":null}},"13":{"start":{"line":50,"column":6},"end":{"line":50,"column":null}},"14":{"start":{"line":51,"column":6},"end":{"line":51,"column":null}},"15":{"start":{"line":54,"column":18},"end":{"line":54,"column":null}},"16":{"start":{"line":54,"column":40},"end":{"line":54,"column":51}},"17":{"start":{"line":55,"column":6},"end":{"line":55,"column":null}},"18":{"start":{"line":55,"column":20},"end":{"line":55,"column":null}},"19":{"start":{"line":58,"column":6},"end":{"line":62,"column":null}},"20":{"start":{"line":59,"column":20},"end":{"line":59,"column":null}},"21":{"start":{"line":59,"column":44},"end":{"line":59,"column":57}},"22":{"start":{"line":60,"column":8},"end":{"line":60,"column":null}},"23":{"start":{"line":60,"column":22},"end":{"line":60,"column":null}},"24":{"start":{"line":61,"column":8},"end":{"line":61,"column":null}},"25":{"start":{"line":65,"column":17},"end":{"line":65,"column":null}},"26":{"start":{"line":66,"column":6},"end":{"line":66,"column":null}},"27":{"start":{"line":69,"column":6},"end":{"line":69,"column":null}},"28":{"start":{"line":72,"column":6},"end":{"line":72,"column":null}}},"fnMap":{"0":{"name":"createFakeTimers","decl":{"start":{"line":30,"column":16},"end":{"line":30,"column":47}},"loc":{"start":{"line":30,"column":47},"end":{"line":75,"column":null}},"line":30},"1":{"name":"setTimeout","decl":{"start":{"line":39,"column":4},"end":{"line":39,"column":15}},"loc":{"start":{"line":39,"column":23},"end":{"line":43,"column":null}},"line":39},"2":{"name":"clearTimeout","decl":{"start":{"line":44,"column":4},"end":{"line":44,"column":17}},"loc":{"start":{"line":44,"column":21},"end":{"line":47,"column":null}},"line":44},"3":{"name":"(anonymous_3)","decl":{"start":{"line":45,"column":35},"end":{"line":45,"column":36}},"loc":{"start":{"line":45,"column":42},"end":{"line":45,"column":53}},"line":45},"4":{"name":"requestAnimationFrame","decl":{"start":{"line":48,"column":4},"end":{"line":48,"column":26}},"loc":{"start":{"line":48,"column":30},"end":{"line":52,"column":null}},"line":48},"5":{"name":"cancelAnimationFrame","decl":{"start":{"line":53,"column":4},"end":{"line":53,"column":25}},"loc":{"start":{"line":53,"column":29},"end":{"line":56,"column":null}},"line":53},"6":{"name":"(anonymous_6)","decl":{"start":{"line":54,"column":33},"end":{"line":54,"column":34}},"loc":{"start":{"line":54,"column":40},"end":{"line":54,"column":51}},"line":54},"7":{"name":"runTimers","decl":{"start":{"line":57,"column":4},"end":{"line":57,"column":16}},"loc":{"start":{"line":57,"column":16},"end":{"line":63,"column":null}},"line":57},"8":{"name":"(anonymous_8)","decl":{"start":{"line":59,"column":37},"end":{"line":59,"column":38}},"loc":{"start":{"line":59,"column":44},"end":{"line":59,"column":57}},"line":59},"9":{"name":"runFrame","decl":{"start":{"line":64,"column":4},"end":{"line":64,"column":15}},"loc":{"start":{"line":64,"column":15},"end":{"line":67,"column":null}},"line":64},"10":{"name":"pendingTimers","decl":{"start":{"line":68,"column":4},"end":{"line":68,"column":20}},"loc":{"start":{"line":68,"column":20},"end":{"line":70,"column":null}},"line":68},"11":{"name":"pendingFrames","decl":{"start":{"line":71,"column":4},"end":{"line":71,"column":20}},"loc":{"start":{"line":71,"column":20},"end":{"line":73,"column":null}},"line":71}},"branchMap":{"0":{"loc":{"start":{"line":46,"column":6},"end":{"line":46,"column":null}},"type":"if","locations":[{"start":{"line":46,"column":6},"end":{"line":46,"column":null}},{"start":{},"end":{}}],"line":46},"1":{"loc":{"start":{"line":55,"column":6},"end":{"line":55,"column":null}},"type":"if","locations":[{"start":{"line":55,"column":6},"end":{"line":55,"column":null}},{"start":{},"end":{}}],"line":55},"2":{"loc":{"start":{"line":60,"column":8},"end":{"line":60,"column":null}},"type":"if","locations":[{"start":{"line":60,"column":8},"end":{"line":60,"column":null}},{"start":{},"end":{}}],"line":60}},"s":{"0":2,"1":2,"2":2,"3":2,"4":2,"5":2,"6":2,"7":2,"8":1,"9":1,"10":1,"11":1,"12":3,"13":3,"14":3,"15":1,"16":3,"17":1,"18":1,"19":2,"20":1,"21":1,"22":1,"23":1,"24":1,"25":2,"26":2,"27":1,"28":1},"f":{"0":2,"1":2,"2":1,"3":1,"4":3,"5":1,"6":3,"7":2,"8":1,"9":2,"10":1,"11":1},"b":{"0":[1,0],"1":[1,0],"2":[1,0]},"meta":{"lastBranch":3,"lastFunction":12,"lastStatement":29,"seen":{"f:30:16:30:47":0,"s:31:36:31:Infinity":0,"s:32:32:32:Infinity":1,"s:33:17:33:Infinity":2,"s:34:15:34:Infinity":3,"s:36:2:74:Infinity":4,"f:39:4:39:15":1,"s:40:17:40:Infinity":5,"s:41:6:41:Infinity":6,"s:42:6:42:Infinity":7,"f:44:4:44:17":2,"s:45:18:45:Infinity":8,"f:45:35:45:36":3,"s:45:42:45:53":9,"b:46:6:46:Infinity:undefined:undefined:undefined:undefined":0,"s:46:6:46:Infinity":10,"s:46:20:46:Infinity":11,"f:48:4:48:26":4,"s:49:17:49:Infinity":12,"s:50:6:50:Infinity":13,"s:51:6:51:Infinity":14,"f:53:4:53:25":5,"s:54:18:54:Infinity":15,"f:54:33:54:34":6,"s:54:40:54:51":16,"b:55:6:55:Infinity:undefined:undefined:undefined:undefined":1,"s:55:6:55:Infinity":17,"s:55:20:55:Infinity":18,"f:57:4:57:16":7,"s:58:6:62:Infinity":19,"s:59:20:59:Infinity":20,"f:59:37:59:38":8,"s:59:44:59:57":21,"b:60:8:60:Infinity:undefined:undefined:undefined:undefined":2,"s:60:8:60:Infinity":22,"s:60:22:60:Infinity":23,"s:61:8:61:Infinity":24,"f:64:4:64:15":9,"s:65:17:65:Infinity":25,"s:66:6:66:Infinity":26,"f:68:4:68:20":10,"s:69:6:69:Infinity":27,"f:71:4:71:20":11,"s:72:6:72:Infinity":28},"fnNames":{}}}
}
